2025-09-02 09:43:40,102 [INFO] Activator:176 - 


2025-09-02 09:43:40,110 [INFO] Activator:177 - !SESSION log4j initialized
2025-09-02 09:43:51,309 [INFO] LogOutputStream:77 - [STDOUT_REDIRECT] 
2025-09-02 09:43:52,796 [ERROR] LogOutputStream:75 - [STDERR_REDIRECT] 
2025-09-02 09:43:55,705 [INFO] LogOutputStream:77 - [STDOUT_REDIRECT] 
2025-09-02 09:43:58,302 [INFO] ApplicationProperties:184 - Using Application install path: /Applications/STM32CubeIDE.app/Contents/Eclipse/plugins/com.st.stm32cube.common.mx_6.15.0.202507011659
2025-09-02 09:43:58,324 [INFO] DbMcusXml:78 - Set database path to: /Applications/STM32CubeIDE.app/Contents/Eclipse/plugins/com.st.stm32cube.common.mx_6.15.0.202507011659//db//mcu/
2025-09-02 09:43:58,324 [INFO] ApiDb:274 - Set plugin database path to: /Applications/STM32CubeIDE.app/Contents/Eclipse/plugins/com.st.stm32cube.common.mx_6.15.0.202507011659//db//plugins/boardmanager/
2025-09-02 09:43:58,325 [WARN] ApiDb:259 - Overriding images path with different value:  => /Applications/STM32CubeIDE.app/Contents/Eclipse/plugins/com.st.stm32cube.common.mx_6.15.0.202507011659//db//plugins/mcufinder/images/
2025-09-02 09:43:58,336 [INFO] ApiDb:250 - Set database path to: /Users/jinmin-u/.stmcufinder/plugins/mcufinder//mcu/
2025-09-02 09:43:58,338 [INFO] DbMcusAds:125 - Set database path to: /Users/jinmin-u/.stmcufinder/plugins/mcufinder//mcu/
2025-09-02 09:43:58,340 [INFO] CrossReferenceDbSqlite:203 - Set database path to: /Users/jinmin-u/.stmcufinder/plugins/mcufinder//mcu/cs/
2025-09-02 09:43:58,556 [INFO] RulesReader:64 - Compatibility file has been processed (317 Rules)
2025-09-02 09:43:58,637 [INFO] DbMcusXml:78 - Set database path to: /Applications/STM32CubeIDE.app/Contents/Eclipse/plugins/com.st.stm32cube.common.mx_6.15.0.202507011659//db//mcu/
2025-09-02 09:43:58,638 [INFO] ApiDb:274 - Set plugin database path to: /Applications/STM32CubeIDE.app/Contents/Eclipse/plugins/com.st.stm32cube.common.mx_6.15.0.202507011659//db//plugins/boardmanager/
2025-09-02 09:43:58,639 [INFO] ApiDb:261 - Set plugin images path to: /Applications/STM32CubeIDE.app/Contents/Eclipse/plugins/com.st.stm32cube.common.mx_6.15.0.202507011659//db//plugins/mcufinder/images/
2025-09-02 09:43:58,640 [WARN] DbFile:41 - Overriding database path with different value: /Users/jinmin-u/.stmcufinder/plugins/mcufinder/ => /Users/jinmin-u/.stmcufinder/plugins/mcufinder
2025-09-02 09:43:58,640 [INFO] ApiDb:250 - Set database path to: /Users/jinmin-u/.stmcufinder/plugins/mcufinder//mcu/
2025-09-02 09:43:58,640 [WARN] DbFile:41 - Overriding database path with different value: /Users/jinmin-u/.stmcufinder/plugins/mcufinder/ => /Users/jinmin-u/.stmcufinder/plugins/mcufinder
2025-09-02 09:43:58,640 [INFO] DbMcusAds:125 - Set database path to: /Users/jinmin-u/.stmcufinder/plugins/mcufinder//mcu/
2025-09-02 09:43:58,640 [WARN] DbFile:41 - Overriding database path with different value: /Users/jinmin-u/.stmcufinder/plugins/mcufinder/ => /Users/jinmin-u/.stmcufinder/plugins/mcufinder
2025-09-02 09:43:58,640 [WARN] DbFile:41 - Overriding database path with different value: /Users/jinmin-u/.stmcufinder/plugins/mcufinder/ => /Users/jinmin-u/.stmcufinder/plugins/mcufinder
2025-09-02 09:43:58,641 [INFO] CrossReferenceDbSqlite:203 - Set database path to: /Users/jinmin-u/.stmcufinder/plugins/mcufinder//mcu/cs/
2025-09-02 09:43:58,743 [INFO] MainPanel:274 - HeapMemory: 268435456
2025-09-02 09:43:59,364 [INFO] DbMcusXml:78 - Set database path to: /Applications/STM32CubeIDE.app/Contents/Eclipse/plugins/com.st.stm32cube.common.mx_6.15.0.202507011659//db//mcu/
2025-09-02 09:43:59,364 [INFO] ApiDb:274 - Set plugin database path to: /Applications/STM32CubeIDE.app/Contents/Eclipse/plugins/com.st.stm32cube.common.mx_6.15.0.202507011659//db//plugins/boardmanager/
2025-09-02 09:43:59,364 [INFO] ApiDb:261 - Set plugin images path to: /Applications/STM32CubeIDE.app/Contents/Eclipse/plugins/com.st.stm32cube.common.mx_6.15.0.202507011659//db//plugins/mcufinder/images/
2025-09-02 09:43:59,365 [WARN] DbFile:41 - Overriding database path with different value: /Users/jinmin-u/.stmcufinder/plugins/mcufinder/ => /Users/jinmin-u/.stmcufinder/plugins/mcufinder
2025-09-02 09:43:59,365 [INFO] ApiDb:250 - Set database path to: /Users/jinmin-u/.stmcufinder/plugins/mcufinder//mcu/
2025-09-02 09:43:59,365 [WARN] DbFile:41 - Overriding database path with different value: /Users/jinmin-u/.stmcufinder/plugins/mcufinder/ => /Users/jinmin-u/.stmcufinder/plugins/mcufinder
2025-09-02 09:43:59,365 [INFO] DbMcusAds:125 - Set database path to: /Users/jinmin-u/.stmcufinder/plugins/mcufinder//mcu/
2025-09-02 09:43:59,365 [WARN] DbFile:41 - Overriding database path with different value: /Users/jinmin-u/.stmcufinder/plugins/mcufinder/ => /Users/jinmin-u/.stmcufinder/plugins/mcufinder
2025-09-02 09:43:59,365 [WARN] DbFile:41 - Overriding database path with different value: /Users/jinmin-u/.stmcufinder/plugins/mcufinder/ => /Users/jinmin-u/.stmcufinder/plugins/mcufinder
2025-09-02 09:43:59,365 [INFO] CrossReferenceDbSqlite:203 - Set database path to: /Users/jinmin-u/.stmcufinder/plugins/mcufinder//mcu/cs/
2025-09-02 09:43:59,391 [INFO] ApplicationProperties:184 - Using Application install path: /Applications/STM32CubeIDE.app/Contents/Eclipse/plugins/com.st.stm32cube.common.mx_6.15.0.202507011659
2025-09-02 09:43:59,392 [INFO] PluginManage:196 - Search for loadable plugins [exclusion list=, ]
2025-09-02 09:43:59,394 [INFO] PluginManage:310 - Check plugin analytics
2025-09-02 09:43:59,775 [INFO] AnalyticsPlugin:253 - Accepted Software Licenses: 
2025-09-02 09:43:59,775 [INFO] AnalyticsPlugin:255 - Accepted CMSIS Pack Licenses: 
2025-09-02 09:43:59,776 [INFO] AnalyticsPlugin:257 - Accepted Firmware Licenses: 
2025-09-02 09:43:59,786 [INFO] PluginManage:359 - Loaded plugin analytics (category:tool,tabindex:-1)
2025-09-02 09:43:59,788 [INFO] PluginManage:310 - Check plugin cadmodel
2025-09-02 09:43:59,812 [INFO] CADModel:105 - Init CAD model plugin
2025-09-02 09:43:59,812 [INFO] PluginManage:359 - Loaded plugin cadmodel (category:power,tabindex:5)
2025-09-02 09:43:59,813 [INFO] PluginManage:310 - Check plugin clock
2025-09-02 09:43:59,829 [INFO] PluginManage:359 - Loaded plugin clock (category:base,tabindex:2)
2025-09-02 09:43:59,829 [INFO] PluginManage:310 - Check plugin ddr
2025-09-02 09:43:59,832 [INFO] PluginManage:359 - Loaded plugin ddr (category:tool,tabindex:6)
2025-09-02 09:43:59,833 [INFO] PluginManage:310 - Check plugin filemanager
2025-09-02 09:44:00,118 [INFO] PluginManage:359 - Loaded plugin filemanager (category:base,tabindex:10)
2025-09-02 09:44:00,118 [INFO] PluginManage:310 - Check plugin ipmanager
2025-09-02 09:44:00,128 [INFO] PluginManage:359 - Loaded plugin ipmanager (category:base,tabindex:5)
2025-09-02 09:44:00,128 [INFO] PluginManage:310 - Check plugin lpbam
2025-09-02 09:44:00,147 [INFO] PluginManage:359 - Loaded plugin lpbam (category:base,tabindex:0)
2025-09-02 09:44:00,148 [INFO] PluginManage:310 - Check plugin memorymap
2025-09-02 09:44:00,164 [INFO] PluginManage:359 - Loaded plugin memorymap (category:base,tabindex:4)
2025-09-02 09:44:00,164 [INFO] PluginManage:310 - Check plugin pinoutandconfiguration
2025-09-02 09:44:00,176 [INFO] PluginManage:359 - Loaded plugin pinoutandconfiguration (category:base,tabindex:1)
2025-09-02 09:44:00,176 [INFO] PluginManage:310 - Check plugin pinoutconfig
2025-09-02 09:44:00,338 [WARN] SupportedApi:132 - Cannot load RTOS API schema: s4s-elt-must-match.1: The content of 'definitions' must match (annotation?, (simpleType | complexType)?, (unique | key | keyref)*)). A problem was found starting at: attribute.
2025-09-02 09:44:00,644 [INFO] PluginManage:359 - Loaded plugin pinoutconfig (category:base,tabindex:0)
2025-09-02 09:44:00,645 [INFO] PluginManage:310 - Check plugin power
2025-09-02 09:44:00,663 [INFO] PluginManage:359 - Loaded plugin power (category:power,tabindex:4)
2025-09-02 09:44:00,663 [INFO] PluginManage:310 - Check plugin projectmanager
2025-09-02 09:44:00,702 [INFO] PluginManage:359 - Loaded plugin projectmanager (category:projectmanager,tabindex:4)
2025-09-02 09:44:00,703 [INFO] PluginManage:310 - Check plugin rif
2025-09-02 09:44:00,721 [INFO] PluginManage:359 - Loaded plugin rif (category:base,tabindex:3)
2025-09-02 09:44:00,722 [INFO] PluginManage:310 - Check plugin thirdparty
2025-09-02 09:44:00,977 [INFO] PluginManage:359 - Loaded plugin thirdparty (category:base,tabindex:-1)
2025-09-02 09:44:00,977 [WARN] IntegrityCheckThread:84 - waiting for thirdparty lock release [integrity check]
2025-09-02 09:44:00,978 [INFO] PluginManage:310 - Check plugin tools
2025-09-02 09:44:00,978 [INFO] IntegrityCheckThread:86 - entering critical section [integrity check]
2025-09-02 09:44:00,979 [INFO] ThirdPartyUpdaterWithRetryManager:70 - Updater plugin not ready yet. [1/15]
2025-09-02 09:44:00,981 [INFO] PluginManage:359 - Loaded plugin tools (category:base,tabindex:7)
2025-09-02 09:44:00,981 [INFO] PluginManage:310 - Check plugin tutovideos
2025-09-02 09:44:01,290 [INFO] PluginManage:359 - Loaded plugin tutovideos (category:base,tabindex:-1)
2025-09-02 09:44:01,291 [INFO] PluginManage:310 - Check plugin updater
2025-09-02 09:44:01,348 [INFO] PluginManage:359 - Loaded plugin updater (category:base,tabindex:12)
2025-09-02 09:44:01,348 [INFO] PluginManage:310 - Check plugin userauth
2025-09-02 09:44:01,354 [INFO] UserAuth:118 - Init User Auth plugin
2025-09-02 09:44:01,356 [INFO] PluginManage:359 - Loaded plugin userauth (category:base,tabindex:14)
2025-09-02 09:44:01,357 [INFO] PluginManage:283 - PluginManage : Loaded plugins [18]
2025-09-02 09:44:01,721 [INFO] PinOutPanel:1589 - setPackage(No Configuration,No Configuration)
2025-09-02 09:44:01,863 [INFO] CADModel:165 - CPN selected for project level
2025-09-02 09:44:01,863 [INFO] CADModel:114 - Register for checkConnection events
2025-09-02 09:44:01,880 [INFO] IPUIPlugin:80 - create IPUIPlugin
2025-09-02 09:44:01,881 [INFO] PluginManager:220 - loadIPPluginJar : add mdma
2025-09-02 09:44:01,890 [INFO] IPUIPlugin:80 - create IPUIPlugin
2025-09-02 09:44:01,890 [INFO] PluginManager:220 - loadIPPluginJar : add freertos
2025-09-02 09:44:01,897 [INFO] IPUIPlugin:80 - create IPUIPlugin
2025-09-02 09:44:01,897 [INFO] PluginManager:220 - loadIPPluginJar : add gic
2025-09-02 09:44:01,909 [INFO] IPUIPlugin:80 - create IPUIPlugin
2025-09-02 09:44:01,910 [INFO] PluginManager:220 - loadIPPluginJar : add adc
2025-09-02 09:44:01,913 [INFO] IPUIPlugin:80 - create IPUIPlugin
2025-09-02 09:44:01,913 [INFO] PluginManager:220 - loadIPPluginJar : add gtzc
2025-09-02 09:44:01,914 [INFO] IPUIPlugin:80 - create IPUIPlugin
2025-09-02 09:44:01,916 [INFO] PluginManager:220 - loadIPPluginJar : add quadspi
2025-09-02 09:44:01,918 [INFO] IPUIPlugin:80 - create IPUIPlugin
2025-09-02 09:44:01,918 [INFO] PluginManager:220 - loadIPPluginJar : add aes
2025-09-02 09:44:01,921 [INFO] IPUIPlugin:80 - create IPUIPlugin
2025-09-02 09:44:01,921 [INFO] PluginManager:220 - loadIPPluginJar : add pdm2pcm
2025-09-02 09:44:01,923 [INFO] IPUIPlugin:80 - create IPUIPlugin
2025-09-02 09:44:01,923 [INFO] PluginManager:220 - loadIPPluginJar : add hash
2025-09-02 09:44:01,925 [INFO] IPUIPlugin:80 - create IPUIPlugin
2025-09-02 09:44:01,925 [INFO] PluginManager:220 - loadIPPluginJar : add tim
2025-09-02 09:44:01,926 [INFO] IPUIPlugin:80 - create IPUIPlugin
2025-09-02 09:44:01,926 [INFO] PluginManager:220 - loadIPPluginJar : add tsc
2025-09-02 09:44:01,930 [INFO] IPUIPlugin:80 - create IPUIPlugin
2025-09-02 09:44:01,930 [INFO] PluginManager:220 - loadIPPluginJar : add extmemmanager
2025-09-02 09:44:01,933 [INFO] IPUIPlugin:80 - create IPUIPlugin
2025-09-02 09:44:01,933 [INFO] PluginManager:220 - loadIPPluginJar : add ts
2025-09-02 09:44:01,935 [INFO] IPUIPlugin:80 - create IPUIPlugin
2025-09-02 09:44:01,936 [INFO] PluginManager:220 - loadIPPluginJar : add radio
2025-09-02 09:44:01,938 [INFO] IPUIPlugin:80 - create IPUIPlugin
2025-09-02 09:44:01,939 [INFO] PluginManager:220 - loadIPPluginJar : add can
2025-09-02 09:44:01,941 [INFO] IPUIPlugin:80 - create IPUIPlugin
2025-09-02 09:44:01,941 [INFO] PluginManager:220 - loadIPPluginJar : add dma3
2025-09-02 09:44:01,943 [INFO] IPUIPlugin:80 - create IPUIPlugin
2025-09-02 09:44:01,943 [INFO] PluginManager:220 - loadIPPluginJar : add dfsdm
2025-09-02 09:44:01,945 [INFO] IPUIPlugin:80 - create IPUIPlugin
2025-09-02 09:44:01,945 [INFO] PluginManager:220 - loadIPPluginJar : add spi
2025-09-02 09:44:01,947 [INFO] IPUIPlugin:80 - create IPUIPlugin
2025-09-02 09:44:01,948 [INFO] PluginManager:220 - loadIPPluginJar : add gfxmmu
2025-09-02 09:44:01,951 [INFO] IPUIPlugin:80 - create IPUIPlugin
2025-09-02 09:44:01,951 [INFO] PluginManager:220 - loadIPPluginJar : add genericplugin
2025-09-02 09:44:01,953 [INFO] IPUIPlugin:80 - create IPUIPlugin
2025-09-02 09:44:01,953 [INFO] PluginManager:220 - loadIPPluginJar : add cryp
2025-09-02 09:44:01,958 [INFO] IPUIPlugin:80 - create IPUIPlugin
2025-09-02 09:44:01,958 [INFO] PluginManager:220 - loadIPPluginJar : add gpio
2025-09-02 09:44:01,961 [INFO] IPUIPlugin:80 - create IPUIPlugin
2025-09-02 09:44:01,962 [INFO] PluginManager:220 - loadIPPluginJar : add ddr_ctrl_phy
2025-09-02 09:44:01,963 [INFO] IPUIPlugin:80 - create IPUIPlugin
2025-09-02 09:44:01,964 [INFO] PluginManager:220 - loadIPPluginJar : add comp
2025-09-02 09:44:01,967 [INFO] IPUIPlugin:80 - create IPUIPlugin
2025-09-02 09:44:01,969 [INFO] PluginManager:220 - loadIPPluginJar : add tracer_emb
2025-09-02 09:44:01,972 [INFO] IPUIPlugin:80 - create IPUIPlugin
2025-09-02 09:44:01,972 [INFO] PluginManager:220 - loadIPPluginJar : add openamp
2025-09-02 09:44:01,979 [INFO] IPUIPlugin:80 - create IPUIPlugin
2025-09-02 09:44:01,979 [INFO] PluginManager:220 - loadIPPluginJar : add stm32_wpan
2025-09-02 09:44:01,984 [INFO] IPUIPlugin:80 - create IPUIPlugin
2025-09-02 09:44:01,989 [INFO] PluginManager:220 - loadIPPluginJar : add plateformsettings
2025-09-02 09:44:01,992 [INFO] IPUIPlugin:80 - create IPUIPlugin
2025-09-02 09:44:01,992 [INFO] PluginManager:220 - loadIPPluginJar : add ipddr
2025-09-02 09:44:01,995 [INFO] IPUIPlugin:80 - create IPUIPlugin
2025-09-02 09:44:01,995 [INFO] PluginManager:220 - loadIPPluginJar : add usart
2025-09-02 09:44:01,997 [INFO] IPUIPlugin:80 - create IPUIPlugin
2025-09-02 09:44:01,997 [INFO] PluginManager:220 - loadIPPluginJar : add ltdc
2025-09-02 09:44:02,001 [INFO] IPUIPlugin:80 - create IPUIPlugin
2025-09-02 09:44:02,001 [INFO] PluginManager:220 - loadIPPluginJar : add nvic
2025-09-02 09:44:02,003 [INFO] IPUIPlugin:80 - create IPUIPlugin
2025-09-02 09:44:02,003 [INFO] PluginManager:220 - loadIPPluginJar : add fatfs
2025-09-02 09:44:02,011 [INFO] IPUIPlugin:80 - create IPUIPlugin
2025-09-02 09:44:02,011 [INFO] PluginManager:220 - loadIPPluginJar : add linkedlist
2025-09-02 09:44:02,018 [INFO] IPUIPlugin:80 - create IPUIPlugin
2025-09-02 09:44:02,019 [INFO] PluginManager:220 - loadIPPluginJar : add dma
2025-09-02 09:44:02,023 [INFO] IPUIPlugin:80 - create IPUIPlugin
2025-09-02 09:44:02,023 [INFO] PluginManager:220 - loadIPPluginJar : add fmc
2025-09-02 09:44:02,025 [INFO] IPUIPlugin:80 - create IPUIPlugin
2025-09-02 09:44:02,025 [INFO] PluginManager:220 - loadIPPluginJar : add i2s
2025-09-02 09:44:02,027 [INFO] IPUIPlugin:80 - create IPUIPlugin
2025-09-02 09:44:02,027 [INFO] PluginManager:220 - loadIPPluginJar : add ucpd
2025-09-02 09:44:02,030 [INFO] IPUIPlugin:80 - create IPUIPlugin
2025-09-02 09:44:02,030 [INFO] PluginManager:220 - loadIPPluginJar : add lorawan
2025-09-02 09:44:02,034 [INFO] IPUIPlugin:80 - create IPUIPlugin
2025-09-02 09:44:02,035 [INFO] PluginManager:220 - loadIPPluginJar : add opamp
2025-09-02 09:44:02,040 [INFO] IPUIPlugin:80 - create IPUIPlugin
2025-09-02 09:44:02,040 [INFO] PluginManager:220 - loadIPPluginJar : add i3c
2025-09-02 09:44:02,046 [INFO] IPUIPlugin:80 - create IPUIPlugin
2025-09-02 09:44:02,046 [INFO] PluginManager:220 - loadIPPluginJar : add touchsensing
2025-09-02 09:44:02,050 [INFO] IPUIPlugin:80 - create IPUIPlugin
2025-09-02 09:44:02,050 [INFO] PluginManager:220 - loadIPPluginJar : add i2c
2025-09-02 09:44:02,053 [INFO] IPUIPlugin:80 - create IPUIPlugin
2025-09-02 09:44:02,053 [INFO] PluginManager:220 - loadIPPluginJar : add resmgrutility
2025-09-02 09:44:02,056 [INFO] IPUIPlugin:80 - create IPUIPlugin
2025-09-02 09:44:02,056 [INFO] PluginManager:220 - loadIPPluginJar : add sai
2025-09-02 09:44:02,059 [INFO] IPUIPlugin:80 - create IPUIPlugin
2025-09-02 09:44:02,059 [INFO] PluginManager:220 - loadIPPluginJar : add usbx
2025-09-02 09:44:02,193 [FATAL] Updater:351 - Updater called before beeing initialized
2025-09-02 09:44:02,254 [INFO] RulesReader:64 - Compatibility file has been processed (317 Rules)
2025-09-02 09:44:02,272 [INFO] RulesReader:64 - Compatibility file has been processed (317 Rules)
2025-09-02 09:44:02,283 [INFO] CADModel:165 - CPN selected for project level
2025-09-02 09:44:02,284 [INFO] CADModel:114 - Register for checkConnection events
2025-09-02 09:44:02,284 [FATAL] Updater:351 - Updater called before beeing initialized
2025-09-02 09:44:02,284 [ERROR] CADModel:125 - Updater not yet initialized, retry later 
2025-09-02 09:44:02,615 [FATAL] Updater:351 - Updater called before beeing initialized
2025-09-02 09:44:02,618 [INFO] CADModel:165 - CPN selected for project level
2025-09-02 09:44:02,618 [INFO] CADModel:114 - Register for checkConnection events
2025-09-02 09:44:02,618 [FATAL] Updater:351 - Updater called before beeing initialized
2025-09-02 09:44:02,618 [ERROR] CADModel:125 - Updater not yet initialized, retry later 
2025-09-02 09:44:02,622 [FATAL] Updater:351 - Updater called before beeing initialized
2025-09-02 09:44:02,856 [FATAL] Updater:351 - Updater called before beeing initialized
2025-09-02 09:44:02,902 [INFO] DbMcusAds:53 - JSON generation date=Tue Jul 08 17:14:23 KST 2025 (1751962463538)
2025-09-02 09:44:02,904 [FATAL] Updater:351 - Updater called before beeing initialized
2025-09-02 09:44:03,226 [WARN] DetailPanel:346 - Failed to get advertising image, set to default
2025-09-02 09:44:03,549 [FATAL] Updater:351 - Updater called before beeing initialized
2025-09-02 09:44:03,576 [FATAL] Updater:351 - Updater called before beeing initialized
2025-09-02 09:44:03,577 [FATAL] Updater:351 - Updater called before beeing initialized
2025-09-02 09:44:03,577 [WARN] DetailPanel:346 - Failed to get advertising image, set to default
2025-09-02 09:44:03,581 [FATAL] Updater:351 - Updater called before beeing initialized
2025-09-02 09:44:03,894 [ERROR] Updater:1198 - MainUpdater not yet initialized. External WinMGr cannot be set.
2025-09-02 09:44:03,916 [INFO] Updater:1134 - Updater Version found : 6.15.0
2025-09-02 09:44:03,947 [INFO] ApplicationProperties:184 - Using Application install path: /Applications/STM32CubeIDE.app/Contents/Eclipse/plugins/com.st.stm32cube.common.mx_6.15.0.202507011659
2025-09-02 09:44:03,985 [INFO] ThirdPartyUpdaterWithRetryManager:70 - Updater plugin not ready yet. [2/15]
2025-09-02 09:44:04,788 [INFO] MainUpdater:2872 - connection check result : 10
2025-09-02 09:44:04,789 [INFO] MainUpdater:289 - Updater Check For Update Now.
2025-09-02 09:44:04,789 [INFO] MicroXplorer:498 - Change Database Version : DB.6.0.150
2025-09-02 09:44:04,809 [INFO] McuFinderGlobals:63 - Set McuFinder mode to 2 (CubeIDE integrated)
2025-09-02 09:44:04,813 [INFO] UserAuth:487 - Internet connection configuration mode: 1
2025-09-02 09:44:04,844 [INFO] JxBrowserEngine:152 - Initiate JxBrowser Engine with user profile folder
2025-09-02 09:44:05,205 [INFO] CheckServerUpdateThread:120 - End of CheckServer Thread
2025-09-02 09:44:07,510 [WARN] PackLoader:240 - Cannot read IP mode file for STMicroelectronics.FP-SNS-MOTENVWB1.1.4.0
2025-09-02 09:44:07,566 [WARN] PackLoader:240 - Cannot read IP mode file for STMicroelectronics.FP-ATR-ASTRA1.2.0.1
2025-09-02 09:44:07,593 [WARN] PackLoader:240 - Cannot read IP mode file for STMicroelectronics.X-CUBE-SMBUS.2.1.0
2025-09-02 09:44:07,618 [WARN] PackLoader:240 - Cannot read IP mode file for STMicroelectronics.X-CUBE-WB05N.1.1.0
2025-09-02 09:44:07,643 [WARN] PackLoader:240 - Cannot read IP mode file for STMicroelectronics.X-CUBE-ST60.1.0.0
2025-09-02 09:44:07,727 [WARN] PackLoader:240 - Cannot read IP mode file for STMicroelectronics.X-CUBE-AZRTOS-F7.1.1.0
2025-09-02 09:44:07,769 [WARN] PackLoader:240 - Cannot read IP mode file for STMicroelectronics.FP-SNS-FLIGHT1.5.0.2
2025-09-02 09:44:07,836 [WARN] PackLoader:240 - Cannot read IP mode file for Infineon.AIROC-Wi-Fi-Bluetooth-STM32.1.7.0
2025-09-02 09:44:07,935 [WARN] PackLoader:240 - Cannot read IP mode file for STMicroelectronics.X-CUBE-AZRTOS-H7.3.4.0
2025-09-02 09:44:08,034 [WARN] PackLoader:240 - Cannot read IP mode file for STMicroelectronics.X-CUBE-DISPLAY.3.0.0
2025-09-02 09:44:08,084 [WARN] PackLoader:240 - Cannot read IP mode file for STMicroelectronics.X-CUBE-BLE1.7.0.0
2025-09-02 09:44:08,106 [WARN] PackLoader:240 - Cannot read IP mode file for STMicroelectronics.X-CUBE-NFC10.1.0.0
2025-09-02 09:44:08,151 [WARN] PackLoader:240 - Cannot read IP mode file for STMicroelectronics.X-CUBE-BLEMGR.4.0.0
2025-09-02 09:44:08,214 [WARN] PackLoader:240 - Cannot read IP mode file for emotas.I-CUBE-CANOPEN.1.3.0
2025-09-02 09:44:08,226 [WARN] PackLoader:240 - Cannot read IP mode file for STMicroelectronics.X-CUBE-AI.10.0.0
2025-09-02 09:44:08,251 [WARN] PackLoader:240 - Cannot read IP mode file for STMicroelectronics.FP-SNS-STBOX1.2.1.0
2025-09-02 09:44:08,271 [WARN] PackLoader:240 - Cannot read IP mode file for STMicroelectronics.FP-SNS-SMARTAG2.1.2.0
2025-09-02 09:44:08,476 [WARN] PackLoader:240 - Cannot read IP mode file for STMicroelectronics.X-CUBE-MEMS1.11.1.0
2025-09-02 09:44:08,710 [INFO] LogOutputStream:77 - [STDOUT_REDIRECT] 1 : Invalid condition id : UX_CORESTACK_Condition cause : null
2025-09-02 09:44:08,712 [INFO] LogOutputStream:77 - [STDOUT_REDIRECT] 1 : Invalid condition id : UX_CORESTACK_Condition cause : null
2025-09-02 09:44:08,713 [INFO] LogOutputStream:77 - [STDOUT_REDIRECT] 1 : Invalid condition id : UX_CORESTACK_Condition cause : null
2025-09-02 09:44:08,713 [INFO] LogOutputStream:77 - [STDOUT_REDIRECT] 1 : Invalid condition id : UX_CORESTACK_Condition cause : null
2025-09-02 09:44:08,713 [INFO] LogOutputStream:77 - [STDOUT_REDIRECT] 1 : Invalid condition id : UX_CORESTACK_Condition cause : null
2025-09-02 09:44:08,721 [WARN] PackLoader:240 - Cannot read IP mode file for STMicroelectronics.X-CUBE-AZRTOS-WL.2.0.0
2025-09-02 09:44:08,733 [WARN] PackLoader:240 - Cannot read IP mode file for STMicroelectronics.FP-SNS-MOTENV1.5.0.0
2025-09-02 09:44:08,739 [WARN] PackLoader:240 - Cannot read IP mode file for wolfSSL.I-CUBE-wolfMQTT.1.19.0
2025-09-02 09:44:08,755 [WARN] PackLoader:240 - Cannot read IP mode file for WES.I-CUBE-Cesium.1.3.0
2025-09-02 09:44:08,812 [WARN] PackLoader:240 - Cannot read IP mode file for STMicroelectronics.X-CUBE-BLE2.3.3.0
2025-09-02 09:44:10,029 [WARN] PackLoader:240 - Cannot read IP mode file for STMicroelectronics.X-CUBE-NFC9.1.0.0
2025-09-02 09:44:10,176 [WARN] PackLoader:240 - Cannot read IP mode file for STMicroelectronics.X-CUBE-EEPRMA1.5.2.0
2025-09-02 09:44:10,201 [WARN] PackLoader:240 - Cannot read IP mode file for STMicroelectronics.X-CUBE-AI.10.1.0
2025-09-02 09:44:10,274 [WARN] PackLoader:240 - Cannot read IP mode file for STMicroelectronics.X-CUBE-AZRTOS-G0.1.1.0
2025-09-02 09:44:10,300 [INFO] WebApp:169 - Instantiating new browser for Auth
2025-09-02 09:44:10,321 [WARN] PackLoader:240 - Cannot read IP mode file for STMicroelectronics.X-CUBE-SAFEA1.1.2.2
2025-09-02 09:44:10,379 [WARN] PackLoader:240 - Cannot read IP mode file for STMicroelectronics.X-CUBE-NFC4.3.0.0
2025-09-02 09:44:10,416 [WARN] PackLoader:240 - Cannot read IP mode file for EmbeddedOffice.I-CUBE-FS-RTOS.1.0.1
2025-09-02 09:44:10,438 [WARN] PackLoader:240 - Cannot read IP mode file for STMicroelectronics.X-CUBE-WB05N.2.0.0
2025-09-02 09:44:10,458 [WARN] PackLoader:240 - Cannot read IP mode file for STMicroelectronics.X-CUBE-TCPP.4.2.0
2025-09-02 09:44:10,469 [WARN] PackLoader:240 - Cannot read IP mode file for RealThread.X-CUBE-RT-Thread_Nano.4.1.1
2025-09-02 09:44:10,486 [WARN] PackLoader:240 - Cannot read IP mode file for STMicroelectronics.FP-ATR-SIGFOX1.3.2.0
2025-09-02 09:44:10,497 [WARN] ConditionMgr:438 - getConditionDescription Invalid condition id : Cortex-A Device cause : null
2025-09-02 09:44:10,596 [WARN] ConditionMgr:1044 - genDependencies : Invalid condition id : Cortex-A Device cause : null
2025-09-02 09:44:10,597 [WARN] ConditionMgr:1044 - genDependencies : Invalid condition id : Cortex-A Device cause : null
2025-09-02 09:44:10,597 [WARN] ConditionMgr:1044 - genDependencies : Invalid condition id : Cortex-A Device cause : null
2025-09-02 09:44:10,621 [WARN] PackLoader:240 - Cannot read IP mode file for STMicroelectronics.X-CUBE-EEPRMA1.5.1.0
2025-09-02 09:44:10,631 [WARN] PackLoader:240 - Cannot read IP mode file for wolfSSL.I-CUBE-wolfSSL.5.7.6
2025-09-02 09:44:10,644 [WARN] PackLoader:240 - Cannot read IP mode file for ITTIA_DB.I-CUBE-ITTIADB.8.9.0
2025-09-02 09:44:10,654 [WARN] PackLoader:240 - Cannot read IP mode file for STMicroelectronics.X-CUBE-ST67W61.1.0.0
2025-09-02 09:44:10,663 [WARN] PackLoader:240 - Cannot read IP mode file for STMicroelectronics.X-CUBE-AI.10.2.0
2025-09-02 09:44:10,793 [WARN] PackLoader:240 - Cannot read IP mode file for SEGGER.I-CUBE-embOS.1.3.1
2025-09-02 09:44:10,969 [WARN] PackLoader:240 - Cannot read IP mode file for STMicroelectronics.X-CUBE-ALGOBUILD.1.4.0
2025-09-02 09:44:11,155 [WARN] PackLoader:240 - Cannot read IP mode file for STMicroelectronics.X-CUBE-MEMS1.11.3.0
2025-09-02 09:44:11,401 [WARN] PackLoader:240 - Cannot read IP mode file for STMicroelectronics.X-CUBE-PM33A1.1.0.0
2025-09-02 09:44:11,483 [WARN] PackLoader:240 - Cannot read IP mode file for STMicroelectronics.X-CUBE-AZRTOS-F4.1.1.0
2025-09-02 09:44:11,527 [WARN] PackLoader:240 - Cannot read IP mode file for Avnet-IotConnect.X-CUBE-IoTC-DA16k-PMOD.1.0.0
2025-09-02 09:44:11,544 [WARN] PackLoader:240 - Cannot read IP mode file for STMicroelectronics.X-CUBE-ISPU.2.1.0
2025-09-02 09:44:11,562 [WARN] PackLoader:240 - Cannot read IP mode file for STMicroelectronics.X-CUBE-NFC12.1.0.0
2025-09-02 09:44:11,609 [WARN] PackLoader:240 - Cannot read IP mode file for STMicroelectronics.X-CUBE-AZRTOS-L5.2.0.0
2025-09-02 09:44:11,667 [WARN] PackLoader:240 - Cannot read IP mode file for STMicroelectronics.X-CUBE-NFC6.3.1.0
2025-09-02 09:44:11,700 [WARN] PackLoader:240 - Cannot read IP mode file for STMicroelectronics.X-CUBE-DPower.1.2.0
2025-09-02 09:44:11,714 [WARN] PackLoader:240 - Cannot read IP mode file for STMicroelectronics.X-CUBE-FREERTOS.1.3.1
2025-09-02 09:44:11,736 [WARN] PackLoader:240 - Cannot read IP mode file for STMicroelectronics.X-CUBE-FREERTOS.1.3.0
2025-09-02 09:44:11,750 [WARN] PackLoader:240 - Cannot read IP mode file for STMicroelectronics.X-CUBE-NFC7.1.0.1
2025-09-02 09:44:11,788 [WARN] ConditionMgr:438 - getConditionDescription Invalid condition id : LAN8742 Phy interface Condition cause : null
2025-09-02 09:44:11,791 [WARN] PackLoader:240 - Cannot read IP mode file for STMicroelectronics.X-CUBE-AZRTOS-L4.2.0.0
2025-09-02 09:44:11,796 [WARN] ConditionMgr:1044 - genDependencies : Invalid condition id : LAN8742 Phy interface Condition cause : null
2025-09-02 09:44:11,798 [WARN] ConditionMgr:1044 - genDependencies : Invalid condition id : LAN8742 Phy interface Condition cause : null
2025-09-02 09:44:11,800 [WARN] ConditionMgr:1044 - genDependencies : Invalid condition id : LAN8742 Phy interface Condition cause : null
2025-09-02 09:44:11,835 [WARN] PackLoader:240 - Cannot read IP mode file for STMicroelectronics.X-CUBE-SFXS2LP1.4.0.0
2025-09-02 09:44:11,886 [WARN] PackLoader:240 - Cannot read IP mode file for STMicroelectronics.X-CUBE-AZRTOS-H7.3.3.0
2025-09-02 09:44:11,928 [WARN] PackLoader:240 - Cannot read IP mode file for STMicroelectronics.X-CUBE-BLEMGR.4.1.0
2025-09-02 09:44:11,965 [WARN] ConditionMgr:438 - getConditionDescription Invalid condition id : UX DEVICE CLASS RTOS Condition cause : null
2025-09-02 09:44:11,966 [WARN] ConditionMgr:438 - getConditionDescription Invalid condition id : UX DEVICE CLASS RTOS Condition cause : null
2025-09-02 09:44:11,975 [WARN] PackLoader:240 - Cannot read IP mode file for STMicroelectronics.X-CUBE-AZRTOS-WB.2.0.0
2025-09-02 09:44:11,977 [WARN] ConditionMgr:1044 - genDependencies : Invalid condition id : UX DEVICE CLASS RTOS Condition cause : null
2025-09-02 09:44:11,977 [WARN] ConditionMgr:1044 - genDependencies : Invalid condition id : UX DEVICE CLASS RTOS Condition cause : null
2025-09-02 09:44:11,979 [WARN] ConditionMgr:1044 - genDependencies : Invalid condition id : UX DEVICE CLASS RTOS Condition cause : null
2025-09-02 09:44:11,979 [WARN] ConditionMgr:1044 - genDependencies : Invalid condition id : UX DEVICE CLASS RTOS Condition cause : null
2025-09-02 09:44:11,980 [WARN] ConditionMgr:1044 - genDependencies : Invalid condition id : UX DEVICE CLASS RTOS Condition cause : null
2025-09-02 09:44:11,996 [WARN] PackLoader:240 - Cannot read IP mode file for STMicroelectronics.X-CUBE-GNSS1.7.0.1
2025-09-02 09:44:12,005 [WARN] PackLoader:240 - Cannot read IP mode file for STMicroelectronics.X-CUBE-TOUCHGFX.4.25.0
2025-09-02 09:44:12,023 [WARN] PackLoader:240 - Cannot read IP mode file for STMicroelectronics.FP-SNS-STBOX1.2.0.0
2025-09-02 09:44:12,048 [WARN] PackLoader:240 - Cannot read IP mode file for STMicroelectronics.X-CUBE-SUBG2.5.0.0
2025-09-02 09:44:12,113 [WARN] PackLoader:240 - Cannot read IP mode file for STMicroelectronics.X-CUBE-AZRTOS-H7RS.1.1.0
2025-09-02 09:44:12,949 [WARN] PackLoader:240 - Cannot read IP mode file for Cesanta.I-CUBE-Mongoose.7.13.0
2025-09-02 09:44:13,061 [WARN] PackLoader:240 - Cannot read IP mode file for STMicroelectronics.X-CUBE-AZRTOS-G4.2.0.0
2025-09-02 09:44:13,105 [WARN] PackLoader:240 - Cannot read IP mode file for STMicroelectronics.X-CUBE-NFC7.2.0.0
2025-09-02 09:44:13,148 [WARN] PackLoader:240 - Cannot read IP mode file for STMicroelectronics.X-CUBE-IPS.3.1.0
2025-09-02 09:44:13,165 [WARN] PackLoader:240 - Cannot read IP mode file for STMicroelectronics.X-CUBE-ALS.1.0.2
2025-09-02 09:44:13,180 [WARN] PackLoader:240 - Cannot read IP mode file for STMicroelectronics.X-CUBE-TOUCHGFX.4.24.2
2025-09-02 09:44:13,188 [WARN] PackLoader:240 - Cannot read IP mode file for wolfSSL.I-CUBE-wolfTPM.3.4.0
2025-09-02 09:44:13,199 [WARN] PackLoader:240 - Cannot read IP mode file for portGmbH.I-Cube-SoM-uGOAL.1.1.0
2025-09-02 09:44:13,287 [WARN] PackLoader:240 - Cannot read IP mode file for STMicroelectronics.X-CUBE-AZRTOS-H7RS.1.0.0
2025-09-02 09:44:13,319 [WARN] PackLoader:240 - Cannot read IP mode file for STMicroelectronics.X-CUBE-TOF1.3.4.2
2025-09-02 09:44:13,373 [WARN] PackLoader:240 - Cannot read IP mode file for STMicroelectronics.X-CUBE-TOF1.3.4.3
2025-09-02 09:44:13,398 [WARN] PackLoader:240 - Cannot read IP mode file for wolfSSL.I-CUBE-wolfSSH.1.4.17
2025-09-02 09:44:13,425 [INFO] ThirdParty:978 - Integrity check success = true
2025-09-02 09:44:13,425 [INFO] IntegrityCheckThread:100 - exiting critical section [integrity check]
2025-09-02 09:44:13,426 [INFO] IntegrityCheckThread:103 - End integrity checks thread
2025-09-02 09:44:13,432 [INFO] WebApp:463 - Apply proxy settings
2025-09-02 09:44:13,487 [INFO] WebApp:508 - Chromium authenticates against Manually configured proxy
2025-09-02 09:44:13,618 [INFO] WebApp:516 - Username used for proxy authentication: 
2025-09-02 09:44:13,724 [INFO] WebApp:900 - Register for checkConnection events
2025-09-02 09:44:13,726 [INFO] WebApp:463 - Apply proxy settings
2025-09-02 09:44:13,751 [INFO] WebApp:508 - Chromium authenticates against Manually configured proxy
2025-09-02 09:44:13,752 [INFO] WebApp:516 - Username used for proxy authentication: 
2025-09-02 09:44:14,239 [INFO] WebApp:225 - Starting web application
2025-09-02 09:44:14,239 [INFO] WebApp:593 - Web application path used /Applications/STM32CubeIDE.app/Contents/Eclipse/plugins/com.st.stm32cube.common.mx_6.15.0.202507011659/db/plugins/mcufinder/reactClient1/index.html
2025-09-02 09:44:15,213 [INFO] WebApp:191 - Connection restablished
2025-09-02 09:44:15,998 [INFO] UserAuth:487 - Internet connection configuration mode: 1
2025-09-02 09:48:44,469 [INFO] Activator:176 - 


2025-09-02 09:48:44,473 [INFO] Activator:177 - !SESSION log4j initialized
2025-09-02 09:48:55,228 [INFO] LogOutputStream:77 - [STDOUT_REDIRECT] 
2025-09-02 09:48:56,503 [ERROR] LogOutputStream:75 - [STDERR_REDIRECT] 
2025-09-02 09:48:59,393 [INFO] LogOutputStream:77 - [STDOUT_REDIRECT] 
2025-09-02 09:49:01,947 [INFO] ApplicationProperties:184 - Using Application install path: /Applications/STM32CubeIDE.app/Contents/Eclipse/plugins/com.st.stm32cube.common.mx_6.15.0.202507011659
2025-09-02 09:49:01,974 [INFO] DbMcusXml:78 - Set database path to: /Applications/STM32CubeIDE.app/Contents/Eclipse/plugins/com.st.stm32cube.common.mx_6.15.0.202507011659//db//mcu/
2025-09-02 09:49:01,974 [INFO] ApiDb:274 - Set plugin database path to: /Applications/STM32CubeIDE.app/Contents/Eclipse/plugins/com.st.stm32cube.common.mx_6.15.0.202507011659//db//plugins/boardmanager/
2025-09-02 09:49:01,975 [WARN] ApiDb:259 - Overriding images path with different value:  => /Applications/STM32CubeIDE.app/Contents/Eclipse/plugins/com.st.stm32cube.common.mx_6.15.0.202507011659//db//plugins/mcufinder/images/
2025-09-02 09:49:01,984 [INFO] ApiDb:250 - Set database path to: /Users/jinmin-u/.stmcufinder/plugins/mcufinder//mcu/
2025-09-02 09:49:01,985 [INFO] DbMcusAds:125 - Set database path to: /Users/jinmin-u/.stmcufinder/plugins/mcufinder//mcu/
2025-09-02 09:49:01,988 [INFO] CrossReferenceDbSqlite:203 - Set database path to: /Users/jinmin-u/.stmcufinder/plugins/mcufinder//mcu/cs/
2025-09-02 09:49:02,214 [INFO] RulesReader:64 - Compatibility file has been processed (317 Rules)
2025-09-02 09:49:02,291 [INFO] DbMcusXml:78 - Set database path to: /Applications/STM32CubeIDE.app/Contents/Eclipse/plugins/com.st.stm32cube.common.mx_6.15.0.202507011659//db//mcu/
2025-09-02 09:49:02,291 [INFO] ApiDb:274 - Set plugin database path to: /Applications/STM32CubeIDE.app/Contents/Eclipse/plugins/com.st.stm32cube.common.mx_6.15.0.202507011659//db//plugins/boardmanager/
2025-09-02 09:49:02,292 [INFO] ApiDb:261 - Set plugin images path to: /Applications/STM32CubeIDE.app/Contents/Eclipse/plugins/com.st.stm32cube.common.mx_6.15.0.202507011659//db//plugins/mcufinder/images/
2025-09-02 09:49:02,293 [WARN] DbFile:41 - Overriding database path with different value: /Users/jinmin-u/.stmcufinder/plugins/mcufinder/ => /Users/jinmin-u/.stmcufinder/plugins/mcufinder
2025-09-02 09:49:02,293 [INFO] ApiDb:250 - Set database path to: /Users/jinmin-u/.stmcufinder/plugins/mcufinder//mcu/
2025-09-02 09:49:02,293 [WARN] DbFile:41 - Overriding database path with different value: /Users/jinmin-u/.stmcufinder/plugins/mcufinder/ => /Users/jinmin-u/.stmcufinder/plugins/mcufinder
2025-09-02 09:49:02,293 [INFO] DbMcusAds:125 - Set database path to: /Users/jinmin-u/.stmcufinder/plugins/mcufinder//mcu/
2025-09-02 09:49:02,293 [WARN] DbFile:41 - Overriding database path with different value: /Users/jinmin-u/.stmcufinder/plugins/mcufinder/ => /Users/jinmin-u/.stmcufinder/plugins/mcufinder
2025-09-02 09:49:02,293 [WARN] DbFile:41 - Overriding database path with different value: /Users/jinmin-u/.stmcufinder/plugins/mcufinder/ => /Users/jinmin-u/.stmcufinder/plugins/mcufinder
2025-09-02 09:49:02,294 [INFO] CrossReferenceDbSqlite:203 - Set database path to: /Users/jinmin-u/.stmcufinder/plugins/mcufinder//mcu/cs/
2025-09-02 09:49:02,392 [INFO] MainPanel:274 - HeapMemory: 268435456
2025-09-02 09:49:02,757 [INFO] DbMcusXml:78 - Set database path to: /Applications/STM32CubeIDE.app/Contents/Eclipse/plugins/com.st.stm32cube.common.mx_6.15.0.202507011659//db//mcu/
2025-09-02 09:49:02,757 [INFO] ApiDb:274 - Set plugin database path to: /Applications/STM32CubeIDE.app/Contents/Eclipse/plugins/com.st.stm32cube.common.mx_6.15.0.202507011659//db//plugins/boardmanager/
2025-09-02 09:49:02,758 [INFO] ApiDb:261 - Set plugin images path to: /Applications/STM32CubeIDE.app/Contents/Eclipse/plugins/com.st.stm32cube.common.mx_6.15.0.202507011659//db//plugins/mcufinder/images/
2025-09-02 09:49:02,758 [WARN] DbFile:41 - Overriding database path with different value: /Users/jinmin-u/.stmcufinder/plugins/mcufinder/ => /Users/jinmin-u/.stmcufinder/plugins/mcufinder
2025-09-02 09:49:02,758 [INFO] ApiDb:250 - Set database path to: /Users/jinmin-u/.stmcufinder/plugins/mcufinder//mcu/
2025-09-02 09:49:02,758 [WARN] DbFile:41 - Overriding database path with different value: /Users/jinmin-u/.stmcufinder/plugins/mcufinder/ => /Users/jinmin-u/.stmcufinder/plugins/mcufinder
2025-09-02 09:49:02,758 [INFO] DbMcusAds:125 - Set database path to: /Users/jinmin-u/.stmcufinder/plugins/mcufinder//mcu/
2025-09-02 09:49:02,758 [WARN] DbFile:41 - Overriding database path with different value: /Users/jinmin-u/.stmcufinder/plugins/mcufinder/ => /Users/jinmin-u/.stmcufinder/plugins/mcufinder
2025-09-02 09:49:02,759 [WARN] DbFile:41 - Overriding database path with different value: /Users/jinmin-u/.stmcufinder/plugins/mcufinder/ => /Users/jinmin-u/.stmcufinder/plugins/mcufinder
2025-09-02 09:49:02,759 [INFO] CrossReferenceDbSqlite:203 - Set database path to: /Users/jinmin-u/.stmcufinder/plugins/mcufinder//mcu/cs/
2025-09-02 09:49:02,792 [INFO] ApplicationProperties:184 - Using Application install path: /Applications/STM32CubeIDE.app/Contents/Eclipse/plugins/com.st.stm32cube.common.mx_6.15.0.202507011659
2025-09-02 09:49:02,794 [INFO] PluginManage:196 - Search for loadable plugins [exclusion list=, ]
2025-09-02 09:49:02,796 [INFO] PluginManage:310 - Check plugin analytics
2025-09-02 09:49:03,161 [INFO] AnalyticsPlugin:253 - Accepted Software Licenses: 
2025-09-02 09:49:03,161 [INFO] AnalyticsPlugin:255 - Accepted CMSIS Pack Licenses: 
2025-09-02 09:49:03,161 [INFO] AnalyticsPlugin:257 - Accepted Firmware Licenses: 
2025-09-02 09:49:03,168 [INFO] PluginManage:359 - Loaded plugin analytics (category:tool,tabindex:-1)
2025-09-02 09:49:03,170 [INFO] PluginManage:310 - Check plugin cadmodel
2025-09-02 09:49:03,188 [INFO] CADModel:105 - Init CAD model plugin
2025-09-02 09:49:03,188 [INFO] PluginManage:359 - Loaded plugin cadmodel (category:power,tabindex:5)
2025-09-02 09:49:03,189 [INFO] PluginManage:310 - Check plugin clock
2025-09-02 09:49:03,206 [INFO] PluginManage:359 - Loaded plugin clock (category:base,tabindex:2)
2025-09-02 09:49:03,206 [INFO] PluginManage:310 - Check plugin ddr
2025-09-02 09:49:03,209 [INFO] PluginManage:359 - Loaded plugin ddr (category:tool,tabindex:6)
2025-09-02 09:49:03,209 [INFO] PluginManage:310 - Check plugin filemanager
2025-09-02 09:49:03,461 [INFO] PluginManage:359 - Loaded plugin filemanager (category:base,tabindex:10)
2025-09-02 09:49:03,462 [INFO] PluginManage:310 - Check plugin ipmanager
2025-09-02 09:49:03,475 [INFO] PluginManage:359 - Loaded plugin ipmanager (category:base,tabindex:5)
2025-09-02 09:49:03,475 [INFO] PluginManage:310 - Check plugin lpbam
2025-09-02 09:49:03,489 [INFO] PluginManage:359 - Loaded plugin lpbam (category:base,tabindex:0)
2025-09-02 09:49:03,489 [INFO] PluginManage:310 - Check plugin memorymap
2025-09-02 09:49:03,513 [INFO] PluginManage:359 - Loaded plugin memorymap (category:base,tabindex:4)
2025-09-02 09:49:03,513 [INFO] PluginManage:310 - Check plugin pinoutandconfiguration
2025-09-02 09:49:03,525 [INFO] PluginManage:359 - Loaded plugin pinoutandconfiguration (category:base,tabindex:1)
2025-09-02 09:49:03,525 [INFO] PluginManage:310 - Check plugin pinoutconfig
2025-09-02 09:49:03,662 [WARN] SupportedApi:132 - Cannot load RTOS API schema: s4s-elt-must-match.1: The content of 'definitions' must match (annotation?, (simpleType | complexType)?, (unique | key | keyref)*)). A problem was found starting at: attribute.
2025-09-02 09:49:03,896 [INFO] PluginManage:359 - Loaded plugin pinoutconfig (category:base,tabindex:0)
2025-09-02 09:49:03,896 [INFO] PluginManage:310 - Check plugin power
2025-09-02 09:49:03,911 [INFO] PluginManage:359 - Loaded plugin power (category:power,tabindex:4)
2025-09-02 09:49:03,911 [INFO] PluginManage:310 - Check plugin projectmanager
2025-09-02 09:49:03,950 [INFO] PluginManage:359 - Loaded plugin projectmanager (category:projectmanager,tabindex:4)
2025-09-02 09:49:03,950 [INFO] PluginManage:310 - Check plugin rif
2025-09-02 09:49:03,960 [INFO] PluginManage:359 - Loaded plugin rif (category:base,tabindex:3)
2025-09-02 09:49:03,961 [INFO] PluginManage:310 - Check plugin thirdparty
2025-09-02 09:49:04,211 [INFO] PluginManage:359 - Loaded plugin thirdparty (category:base,tabindex:-1)
2025-09-02 09:49:04,211 [WARN] IntegrityCheckThread:84 - waiting for thirdparty lock release [integrity check]
2025-09-02 09:49:04,211 [INFO] PluginManage:310 - Check plugin tools
2025-09-02 09:49:04,211 [INFO] IntegrityCheckThread:86 - entering critical section [integrity check]
2025-09-02 09:49:04,212 [INFO] ThirdPartyUpdaterWithRetryManager:70 - Updater plugin not ready yet. [1/15]
2025-09-02 09:49:04,214 [INFO] PluginManage:359 - Loaded plugin tools (category:base,tabindex:7)
2025-09-02 09:49:04,214 [INFO] PluginManage:310 - Check plugin tutovideos
2025-09-02 09:49:04,504 [INFO] PluginManage:359 - Loaded plugin tutovideos (category:base,tabindex:-1)
2025-09-02 09:49:04,505 [INFO] PluginManage:310 - Check plugin updater
2025-09-02 09:49:04,550 [INFO] PluginManage:359 - Loaded plugin updater (category:base,tabindex:12)
2025-09-02 09:49:04,550 [INFO] PluginManage:310 - Check plugin userauth
2025-09-02 09:49:04,556 [INFO] UserAuth:118 - Init User Auth plugin
2025-09-02 09:49:04,557 [INFO] PluginManage:359 - Loaded plugin userauth (category:base,tabindex:14)
2025-09-02 09:49:04,560 [INFO] PluginManage:283 - PluginManage : Loaded plugins [18]
2025-09-02 09:49:04,924 [INFO] PinOutPanel:1589 - setPackage(No Configuration,No Configuration)
2025-09-02 09:49:05,082 [INFO] CADModel:165 - CPN selected for project level
2025-09-02 09:49:05,083 [INFO] CADModel:114 - Register for checkConnection events
2025-09-02 09:49:05,105 [INFO] IPUIPlugin:80 - create IPUIPlugin
2025-09-02 09:49:05,105 [INFO] PluginManager:220 - loadIPPluginJar : add mdma
2025-09-02 09:49:05,112 [INFO] IPUIPlugin:80 - create IPUIPlugin
2025-09-02 09:49:05,113 [INFO] PluginManager:220 - loadIPPluginJar : add freertos
2025-09-02 09:49:05,118 [INFO] IPUIPlugin:80 - create IPUIPlugin
2025-09-02 09:49:05,118 [INFO] PluginManager:220 - loadIPPluginJar : add gic
2025-09-02 09:49:05,129 [INFO] IPUIPlugin:80 - create IPUIPlugin
2025-09-02 09:49:05,129 [INFO] PluginManager:220 - loadIPPluginJar : add adc
2025-09-02 09:49:05,133 [INFO] IPUIPlugin:80 - create IPUIPlugin
2025-09-02 09:49:05,133 [INFO] PluginManager:220 - loadIPPluginJar : add gtzc
2025-09-02 09:49:05,135 [INFO] IPUIPlugin:80 - create IPUIPlugin
2025-09-02 09:49:05,136 [INFO] PluginManager:220 - loadIPPluginJar : add quadspi
2025-09-02 09:49:05,138 [INFO] IPUIPlugin:80 - create IPUIPlugin
2025-09-02 09:49:05,138 [INFO] PluginManager:220 - loadIPPluginJar : add aes
2025-09-02 09:49:05,140 [INFO] IPUIPlugin:80 - create IPUIPlugin
2025-09-02 09:49:05,140 [INFO] PluginManager:220 - loadIPPluginJar : add pdm2pcm
2025-09-02 09:49:05,141 [INFO] IPUIPlugin:80 - create IPUIPlugin
2025-09-02 09:49:05,142 [INFO] PluginManager:220 - loadIPPluginJar : add hash
2025-09-02 09:49:05,143 [INFO] IPUIPlugin:80 - create IPUIPlugin
2025-09-02 09:49:05,143 [INFO] PluginManager:220 - loadIPPluginJar : add tim
2025-09-02 09:49:05,144 [INFO] IPUIPlugin:80 - create IPUIPlugin
2025-09-02 09:49:05,144 [INFO] PluginManager:220 - loadIPPluginJar : add tsc
2025-09-02 09:49:05,147 [INFO] IPUIPlugin:80 - create IPUIPlugin
2025-09-02 09:49:05,148 [INFO] PluginManager:220 - loadIPPluginJar : add extmemmanager
2025-09-02 09:49:05,150 [INFO] IPUIPlugin:80 - create IPUIPlugin
2025-09-02 09:49:05,150 [INFO] PluginManager:220 - loadIPPluginJar : add ts
2025-09-02 09:49:05,151 [INFO] IPUIPlugin:80 - create IPUIPlugin
2025-09-02 09:49:05,152 [INFO] PluginManager:220 - loadIPPluginJar : add radio
2025-09-02 09:49:05,154 [INFO] IPUIPlugin:80 - create IPUIPlugin
2025-09-02 09:49:05,154 [INFO] PluginManager:220 - loadIPPluginJar : add can
2025-09-02 09:49:05,156 [INFO] IPUIPlugin:80 - create IPUIPlugin
2025-09-02 09:49:05,156 [INFO] PluginManager:220 - loadIPPluginJar : add dma3
2025-09-02 09:49:05,158 [INFO] IPUIPlugin:80 - create IPUIPlugin
2025-09-02 09:49:05,158 [INFO] PluginManager:220 - loadIPPluginJar : add dfsdm
2025-09-02 09:49:05,160 [INFO] IPUIPlugin:80 - create IPUIPlugin
2025-09-02 09:49:05,160 [INFO] PluginManager:220 - loadIPPluginJar : add spi
2025-09-02 09:49:05,162 [INFO] IPUIPlugin:80 - create IPUIPlugin
2025-09-02 09:49:05,162 [INFO] PluginManager:220 - loadIPPluginJar : add gfxmmu
2025-09-02 09:49:05,165 [INFO] IPUIPlugin:80 - create IPUIPlugin
2025-09-02 09:49:05,165 [INFO] PluginManager:220 - loadIPPluginJar : add genericplugin
2025-09-02 09:49:05,167 [INFO] IPUIPlugin:80 - create IPUIPlugin
2025-09-02 09:49:05,167 [INFO] PluginManager:220 - loadIPPluginJar : add cryp
2025-09-02 09:49:05,172 [INFO] IPUIPlugin:80 - create IPUIPlugin
2025-09-02 09:49:05,172 [INFO] PluginManager:220 - loadIPPluginJar : add gpio
2025-09-02 09:49:05,177 [INFO] IPUIPlugin:80 - create IPUIPlugin
2025-09-02 09:49:05,178 [INFO] PluginManager:220 - loadIPPluginJar : add ddr_ctrl_phy
2025-09-02 09:49:05,181 [INFO] IPUIPlugin:80 - create IPUIPlugin
2025-09-02 09:49:05,181 [INFO] PluginManager:220 - loadIPPluginJar : add comp
2025-09-02 09:49:05,184 [INFO] IPUIPlugin:80 - create IPUIPlugin
2025-09-02 09:49:05,186 [INFO] PluginManager:220 - loadIPPluginJar : add tracer_emb
2025-09-02 09:49:05,188 [INFO] IPUIPlugin:80 - create IPUIPlugin
2025-09-02 09:49:05,189 [INFO] PluginManager:220 - loadIPPluginJar : add openamp
2025-09-02 09:49:05,195 [INFO] IPUIPlugin:80 - create IPUIPlugin
2025-09-02 09:49:05,195 [INFO] PluginManager:220 - loadIPPluginJar : add stm32_wpan
2025-09-02 09:49:05,201 [INFO] IPUIPlugin:80 - create IPUIPlugin
2025-09-02 09:49:05,205 [INFO] PluginManager:220 - loadIPPluginJar : add plateformsettings
2025-09-02 09:49:05,209 [INFO] IPUIPlugin:80 - create IPUIPlugin
2025-09-02 09:49:05,209 [INFO] PluginManager:220 - loadIPPluginJar : add ipddr
2025-09-02 09:49:05,211 [INFO] IPUIPlugin:80 - create IPUIPlugin
2025-09-02 09:49:05,211 [INFO] PluginManager:220 - loadIPPluginJar : add usart
2025-09-02 09:49:05,212 [INFO] IPUIPlugin:80 - create IPUIPlugin
2025-09-02 09:49:05,212 [INFO] PluginManager:220 - loadIPPluginJar : add ltdc
2025-09-02 09:49:05,214 [INFO] IPUIPlugin:80 - create IPUIPlugin
2025-09-02 09:49:05,215 [INFO] PluginManager:220 - loadIPPluginJar : add nvic
2025-09-02 09:49:05,215 [INFO] IPUIPlugin:80 - create IPUIPlugin
2025-09-02 09:49:05,215 [INFO] PluginManager:220 - loadIPPluginJar : add fatfs
2025-09-02 09:49:05,222 [INFO] IPUIPlugin:80 - create IPUIPlugin
2025-09-02 09:49:05,222 [INFO] PluginManager:220 - loadIPPluginJar : add linkedlist
2025-09-02 09:49:05,228 [INFO] IPUIPlugin:80 - create IPUIPlugin
2025-09-02 09:49:05,228 [INFO] PluginManager:220 - loadIPPluginJar : add dma
2025-09-02 09:49:05,232 [INFO] IPUIPlugin:80 - create IPUIPlugin
2025-09-02 09:49:05,232 [INFO] PluginManager:220 - loadIPPluginJar : add fmc
2025-09-02 09:49:05,234 [INFO] IPUIPlugin:80 - create IPUIPlugin
2025-09-02 09:49:05,234 [INFO] PluginManager:220 - loadIPPluginJar : add i2s
2025-09-02 09:49:05,235 [INFO] IPUIPlugin:80 - create IPUIPlugin
2025-09-02 09:49:05,235 [INFO] PluginManager:220 - loadIPPluginJar : add ucpd
2025-09-02 09:49:05,238 [INFO] IPUIPlugin:80 - create IPUIPlugin
2025-09-02 09:49:05,238 [INFO] PluginManager:220 - loadIPPluginJar : add lorawan
2025-09-02 09:49:05,240 [INFO] IPUIPlugin:80 - create IPUIPlugin
2025-09-02 09:49:05,240 [INFO] PluginManager:220 - loadIPPluginJar : add opamp
2025-09-02 09:49:05,242 [INFO] IPUIPlugin:80 - create IPUIPlugin
2025-09-02 09:49:05,242 [INFO] PluginManager:220 - loadIPPluginJar : add i3c
2025-09-02 09:49:05,245 [INFO] IPUIPlugin:80 - create IPUIPlugin
2025-09-02 09:49:05,246 [INFO] PluginManager:220 - loadIPPluginJar : add touchsensing
2025-09-02 09:49:05,249 [INFO] IPUIPlugin:80 - create IPUIPlugin
2025-09-02 09:49:05,249 [INFO] PluginManager:220 - loadIPPluginJar : add i2c
2025-09-02 09:49:05,251 [INFO] IPUIPlugin:80 - create IPUIPlugin
2025-09-02 09:49:05,252 [INFO] PluginManager:220 - loadIPPluginJar : add resmgrutility
2025-09-02 09:49:05,255 [INFO] IPUIPlugin:80 - create IPUIPlugin
2025-09-02 09:49:05,255 [INFO] PluginManager:220 - loadIPPluginJar : add sai
2025-09-02 09:49:05,258 [INFO] IPUIPlugin:80 - create IPUIPlugin
2025-09-02 09:49:05,258 [INFO] PluginManager:220 - loadIPPluginJar : add usbx
2025-09-02 09:49:05,404 [FATAL] Updater:351 - Updater called before beeing initialized
2025-09-02 09:49:05,487 [INFO] RulesReader:64 - Compatibility file has been processed (317 Rules)
2025-09-02 09:49:05,508 [INFO] RulesReader:64 - Compatibility file has been processed (317 Rules)
2025-09-02 09:49:05,522 [INFO] CADModel:165 - CPN selected for project level
2025-09-02 09:49:05,522 [INFO] CADModel:114 - Register for checkConnection events
2025-09-02 09:49:05,522 [FATAL] Updater:351 - Updater called before beeing initialized
2025-09-02 09:49:05,522 [ERROR] CADModel:125 - Updater not yet initialized, retry later 
2025-09-02 09:49:06,197 [FATAL] Updater:351 - Updater called before beeing initialized
2025-09-02 09:49:06,213 [INFO] CADModel:165 - CPN selected for project level
2025-09-02 09:49:06,216 [INFO] CADModel:114 - Register for checkConnection events
2025-09-02 09:49:06,216 [FATAL] Updater:351 - Updater called before beeing initialized
2025-09-02 09:49:06,216 [ERROR] CADModel:125 - Updater not yet initialized, retry later 
2025-09-02 09:49:06,226 [FATAL] Updater:351 - Updater called before beeing initialized
2025-09-02 09:49:06,641 [FATAL] Updater:351 - Updater called before beeing initialized
2025-09-02 09:49:06,664 [INFO] DbMcusAds:53 - JSON generation date=Tue Jul 08 17:14:23 KST 2025 (1751962463538)
2025-09-02 09:49:06,667 [FATAL] Updater:351 - Updater called before beeing initialized
2025-09-02 09:49:06,762 [WARN] DetailPanel:346 - Failed to get advertising image, set to default
2025-09-02 09:49:06,896 [FATAL] Updater:351 - Updater called before beeing initialized
2025-09-02 09:49:06,901 [FATAL] Updater:351 - Updater called before beeing initialized
2025-09-02 09:49:06,901 [FATAL] Updater:351 - Updater called before beeing initialized
2025-09-02 09:49:06,903 [WARN] DetailPanel:346 - Failed to get advertising image, set to default
2025-09-02 09:49:06,912 [FATAL] Updater:351 - Updater called before beeing initialized
2025-09-02 09:49:07,039 [ERROR] Updater:1198 - MainUpdater not yet initialized. External WinMGr cannot be set.
2025-09-02 09:49:07,061 [INFO] Updater:1134 - Updater Version found : 6.15.0
2025-09-02 09:49:07,087 [INFO] ApplicationProperties:184 - Using Application install path: /Applications/STM32CubeIDE.app/Contents/Eclipse/plugins/com.st.stm32cube.common.mx_6.15.0.202507011659
2025-09-02 09:49:07,218 [INFO] ThirdPartyUpdaterWithRetryManager:70 - Updater plugin not ready yet. [2/15]
2025-09-02 09:49:07,784 [INFO] MainUpdater:2872 - connection check result : 10
2025-09-02 09:49:07,786 [INFO] MainUpdater:289 - Updater Check For Update Now.
2025-09-02 09:49:07,787 [INFO] MicroXplorer:498 - Change Database Version : DB.6.0.150
2025-09-02 09:49:07,813 [INFO] McuFinderGlobals:63 - Set McuFinder mode to 2 (CubeIDE integrated)
2025-09-02 09:49:07,816 [INFO] UserAuth:487 - Internet connection configuration mode: 1
2025-09-02 09:49:07,840 [INFO] JxBrowserEngine:152 - Initiate JxBrowser Engine with user profile folder
2025-09-02 09:49:08,151 [INFO] CheckServerUpdateThread:120 - End of CheckServer Thread
2025-09-02 09:49:10,537 [WARN] PackLoader:240 - Cannot read IP mode file for STMicroelectronics.FP-SNS-MOTENVWB1.1.4.0
2025-09-02 09:49:10,568 [WARN] PackLoader:240 - Cannot read IP mode file for STMicroelectronics.FP-ATR-ASTRA1.2.0.1
2025-09-02 09:49:10,590 [WARN] PackLoader:240 - Cannot read IP mode file for STMicroelectronics.X-CUBE-SMBUS.2.1.0
2025-09-02 09:49:10,608 [WARN] PackLoader:240 - Cannot read IP mode file for STMicroelectronics.X-CUBE-WB05N.1.1.0
2025-09-02 09:49:10,627 [WARN] PackLoader:240 - Cannot read IP mode file for STMicroelectronics.X-CUBE-ST60.1.0.0
2025-09-02 09:49:10,699 [WARN] PackLoader:240 - Cannot read IP mode file for STMicroelectronics.X-CUBE-AZRTOS-F7.1.1.0
2025-09-02 09:49:10,739 [WARN] PackLoader:240 - Cannot read IP mode file for STMicroelectronics.FP-SNS-FLIGHT1.5.0.2
2025-09-02 09:49:10,822 [WARN] PackLoader:240 - Cannot read IP mode file for Infineon.AIROC-Wi-Fi-Bluetooth-STM32.1.7.0
2025-09-02 09:49:10,912 [WARN] PackLoader:240 - Cannot read IP mode file for STMicroelectronics.X-CUBE-AZRTOS-H7.3.4.0
2025-09-02 09:49:10,981 [WARN] PackLoader:240 - Cannot read IP mode file for STMicroelectronics.X-CUBE-DISPLAY.3.0.0
2025-09-02 09:49:11,037 [WARN] PackLoader:240 - Cannot read IP mode file for STMicroelectronics.X-CUBE-BLE1.7.0.0
2025-09-02 09:49:11,055 [WARN] PackLoader:240 - Cannot read IP mode file for STMicroelectronics.X-CUBE-NFC10.1.0.0
2025-09-02 09:49:11,084 [WARN] PackLoader:240 - Cannot read IP mode file for STMicroelectronics.X-CUBE-BLEMGR.4.0.0
2025-09-02 09:49:11,117 [WARN] PackLoader:240 - Cannot read IP mode file for emotas.I-CUBE-CANOPEN.1.3.0
2025-09-02 09:49:11,124 [WARN] PackLoader:240 - Cannot read IP mode file for STMicroelectronics.X-CUBE-AI.10.0.0
2025-09-02 09:49:11,141 [WARN] PackLoader:240 - Cannot read IP mode file for STMicroelectronics.FP-SNS-STBOX1.2.1.0
2025-09-02 09:49:11,156 [WARN] PackLoader:240 - Cannot read IP mode file for STMicroelectronics.FP-SNS-SMARTAG2.1.2.0
2025-09-02 09:49:11,325 [WARN] PackLoader:240 - Cannot read IP mode file for STMicroelectronics.X-CUBE-MEMS1.11.1.0
2025-09-02 09:49:11,559 [INFO] LogOutputStream:77 - [STDOUT_REDIRECT] 1 : Invalid condition id : UX_CORESTACK_Condition cause : null
2025-09-02 09:49:11,563 [INFO] LogOutputStream:77 - [STDOUT_REDIRECT] 1 : Invalid condition id : UX_CORESTACK_Condition cause : null
2025-09-02 09:49:11,564 [INFO] LogOutputStream:77 - [STDOUT_REDIRECT] 1 : Invalid condition id : UX_CORESTACK_Condition cause : null
2025-09-02 09:49:11,564 [INFO] LogOutputStream:77 - [STDOUT_REDIRECT] 1 : Invalid condition id : UX_CORESTACK_Condition cause : null
2025-09-02 09:49:11,564 [INFO] LogOutputStream:77 - [STDOUT_REDIRECT] 1 : Invalid condition id : UX_CORESTACK_Condition cause : null
2025-09-02 09:49:11,573 [WARN] PackLoader:240 - Cannot read IP mode file for STMicroelectronics.X-CUBE-AZRTOS-WL.2.0.0
2025-09-02 09:49:11,586 [WARN] PackLoader:240 - Cannot read IP mode file for STMicroelectronics.FP-SNS-MOTENV1.5.0.0
2025-09-02 09:49:11,591 [WARN] PackLoader:240 - Cannot read IP mode file for wolfSSL.I-CUBE-wolfMQTT.1.19.0
2025-09-02 09:49:11,611 [WARN] PackLoader:240 - Cannot read IP mode file for WES.I-CUBE-Cesium.1.3.0
2025-09-02 09:49:11,624 [WARN] PackLoader:240 - Cannot read IP mode file for STMicroelectronics.X-CUBE-BLE2.3.3.0
2025-09-02 09:49:11,642 [WARN] PackLoader:240 - Cannot read IP mode file for STMicroelectronics.X-CUBE-NFC9.1.0.0
2025-09-02 09:49:11,658 [WARN] PackLoader:240 - Cannot read IP mode file for STMicroelectronics.X-CUBE-EEPRMA1.5.2.0
2025-09-02 09:49:11,667 [WARN] PackLoader:240 - Cannot read IP mode file for STMicroelectronics.X-CUBE-AI.10.1.0
2025-09-02 09:49:11,699 [WARN] PackLoader:240 - Cannot read IP mode file for STMicroelectronics.X-CUBE-AZRTOS-G0.1.1.0
2025-09-02 09:49:11,721 [WARN] PackLoader:240 - Cannot read IP mode file for STMicroelectronics.X-CUBE-SAFEA1.1.2.2
2025-09-02 09:49:11,732 [WARN] PackLoader:240 - Cannot read IP mode file for STMicroelectronics.X-CUBE-NFC4.3.0.0
2025-09-02 09:49:11,749 [WARN] PackLoader:240 - Cannot read IP mode file for EmbeddedOffice.I-CUBE-FS-RTOS.1.0.1
2025-09-02 09:49:11,759 [WARN] PackLoader:240 - Cannot read IP mode file for STMicroelectronics.X-CUBE-WB05N.2.0.0
2025-09-02 09:49:11,781 [WARN] PackLoader:240 - Cannot read IP mode file for STMicroelectronics.X-CUBE-TCPP.4.2.0
2025-09-02 09:49:11,801 [WARN] PackLoader:240 - Cannot read IP mode file for RealThread.X-CUBE-RT-Thread_Nano.4.1.1
2025-09-02 09:49:11,818 [WARN] PackLoader:240 - Cannot read IP mode file for STMicroelectronics.FP-ATR-SIGFOX1.3.2.0
2025-09-02 09:49:11,825 [WARN] ConditionMgr:438 - getConditionDescription Invalid condition id : Cortex-A Device cause : null
2025-09-02 09:49:11,850 [WARN] ConditionMgr:1044 - genDependencies : Invalid condition id : Cortex-A Device cause : null
2025-09-02 09:49:11,851 [WARN] ConditionMgr:1044 - genDependencies : Invalid condition id : Cortex-A Device cause : null
2025-09-02 09:49:11,851 [WARN] ConditionMgr:1044 - genDependencies : Invalid condition id : Cortex-A Device cause : null
2025-09-02 09:49:11,862 [WARN] PackLoader:240 - Cannot read IP mode file for STMicroelectronics.X-CUBE-EEPRMA1.5.1.0
2025-09-02 09:49:11,875 [WARN] PackLoader:240 - Cannot read IP mode file for wolfSSL.I-CUBE-wolfSSL.5.7.6
2025-09-02 09:49:11,888 [WARN] PackLoader:240 - Cannot read IP mode file for ITTIA_DB.I-CUBE-ITTIADB.8.9.0
2025-09-02 09:49:11,906 [WARN] PackLoader:240 - Cannot read IP mode file for STMicroelectronics.X-CUBE-ST67W61.1.0.0
2025-09-02 09:49:11,918 [WARN] PackLoader:240 - Cannot read IP mode file for STMicroelectronics.X-CUBE-AI.10.2.0
2025-09-02 09:49:12,099 [WARN] PackLoader:240 - Cannot read IP mode file for SEGGER.I-CUBE-embOS.1.3.1
2025-09-02 09:49:13,010 [WARN] PackLoader:240 - Cannot read IP mode file for STMicroelectronics.X-CUBE-ALGOBUILD.1.4.0
2025-09-02 09:49:13,307 [INFO] WebApp:169 - Instantiating new browser for Auth
2025-09-02 09:49:13,309 [WARN] PackLoader:240 - Cannot read IP mode file for STMicroelectronics.X-CUBE-MEMS1.11.3.0
2025-09-02 09:49:13,501 [WARN] PackLoader:240 - Cannot read IP mode file for STMicroelectronics.X-CUBE-PM33A1.1.0.0
2025-09-02 09:49:13,538 [WARN] PackLoader:240 - Cannot read IP mode file for STMicroelectronics.X-CUBE-AZRTOS-F4.1.1.0
2025-09-02 09:49:13,550 [WARN] PackLoader:240 - Cannot read IP mode file for Avnet-IotConnect.X-CUBE-IoTC-DA16k-PMOD.1.0.0
2025-09-02 09:49:13,555 [WARN] PackLoader:240 - Cannot read IP mode file for STMicroelectronics.X-CUBE-ISPU.2.1.0
2025-09-02 09:49:13,569 [WARN] PackLoader:240 - Cannot read IP mode file for STMicroelectronics.X-CUBE-NFC12.1.0.0
2025-09-02 09:49:13,608 [WARN] PackLoader:240 - Cannot read IP mode file for STMicroelectronics.X-CUBE-AZRTOS-L5.2.0.0
2025-09-02 09:49:13,634 [WARN] PackLoader:240 - Cannot read IP mode file for STMicroelectronics.X-CUBE-NFC6.3.1.0
2025-09-02 09:49:13,648 [WARN] PackLoader:240 - Cannot read IP mode file for STMicroelectronics.X-CUBE-DPower.1.2.0
2025-09-02 09:49:13,674 [WARN] PackLoader:240 - Cannot read IP mode file for STMicroelectronics.X-CUBE-FREERTOS.1.3.1
2025-09-02 09:49:13,685 [WARN] PackLoader:240 - Cannot read IP mode file for STMicroelectronics.X-CUBE-FREERTOS.1.3.0
2025-09-02 09:49:13,704 [WARN] PackLoader:240 - Cannot read IP mode file for STMicroelectronics.X-CUBE-NFC7.1.0.1
2025-09-02 09:49:13,752 [WARN] ConditionMgr:438 - getConditionDescription Invalid condition id : LAN8742 Phy interface Condition cause : null
2025-09-02 09:49:13,757 [WARN] PackLoader:240 - Cannot read IP mode file for STMicroelectronics.X-CUBE-AZRTOS-L4.2.0.0
2025-09-02 09:49:13,763 [WARN] ConditionMgr:1044 - genDependencies : Invalid condition id : LAN8742 Phy interface Condition cause : null
2025-09-02 09:49:13,767 [WARN] ConditionMgr:1044 - genDependencies : Invalid condition id : LAN8742 Phy interface Condition cause : null
2025-09-02 09:49:13,770 [WARN] ConditionMgr:1044 - genDependencies : Invalid condition id : LAN8742 Phy interface Condition cause : null
2025-09-02 09:49:13,797 [WARN] PackLoader:240 - Cannot read IP mode file for STMicroelectronics.X-CUBE-SFXS2LP1.4.0.0
2025-09-02 09:49:13,840 [WARN] PackLoader:240 - Cannot read IP mode file for STMicroelectronics.X-CUBE-AZRTOS-H7.3.3.0
2025-09-02 09:49:13,872 [WARN] PackLoader:240 - Cannot read IP mode file for STMicroelectronics.X-CUBE-BLEMGR.4.1.0
2025-09-02 09:49:13,899 [WARN] ConditionMgr:438 - getConditionDescription Invalid condition id : UX DEVICE CLASS RTOS Condition cause : null
2025-09-02 09:49:13,900 [WARN] ConditionMgr:438 - getConditionDescription Invalid condition id : UX DEVICE CLASS RTOS Condition cause : null
2025-09-02 09:49:13,907 [WARN] PackLoader:240 - Cannot read IP mode file for STMicroelectronics.X-CUBE-AZRTOS-WB.2.0.0
2025-09-02 09:49:13,908 [WARN] ConditionMgr:1044 - genDependencies : Invalid condition id : UX DEVICE CLASS RTOS Condition cause : null
2025-09-02 09:49:13,908 [WARN] ConditionMgr:1044 - genDependencies : Invalid condition id : UX DEVICE CLASS RTOS Condition cause : null
2025-09-02 09:49:13,910 [WARN] ConditionMgr:1044 - genDependencies : Invalid condition id : UX DEVICE CLASS RTOS Condition cause : null
2025-09-02 09:49:13,910 [WARN] ConditionMgr:1044 - genDependencies : Invalid condition id : UX DEVICE CLASS RTOS Condition cause : null
2025-09-02 09:49:13,911 [WARN] ConditionMgr:1044 - genDependencies : Invalid condition id : UX DEVICE CLASS RTOS Condition cause : null
2025-09-02 09:49:13,922 [WARN] PackLoader:240 - Cannot read IP mode file for STMicroelectronics.X-CUBE-GNSS1.7.0.1
2025-09-02 09:49:13,955 [WARN] PackLoader:240 - Cannot read IP mode file for STMicroelectronics.X-CUBE-TOUCHGFX.4.25.0
2025-09-02 09:49:13,989 [WARN] PackLoader:240 - Cannot read IP mode file for STMicroelectronics.FP-SNS-STBOX1.2.0.0
2025-09-02 09:49:14,021 [WARN] PackLoader:240 - Cannot read IP mode file for STMicroelectronics.X-CUBE-SUBG2.5.0.0
2025-09-02 09:49:14,069 [WARN] PackLoader:240 - Cannot read IP mode file for STMicroelectronics.X-CUBE-AZRTOS-H7RS.1.1.0
2025-09-02 09:49:14,092 [WARN] PackLoader:240 - Cannot read IP mode file for Cesanta.I-CUBE-Mongoose.7.13.0
2025-09-02 09:49:14,422 [WARN] PackLoader:240 - Cannot read IP mode file for STMicroelectronics.X-CUBE-AZRTOS-G4.2.0.0
2025-09-02 09:49:14,789 [WARN] PackLoader:240 - Cannot read IP mode file for STMicroelectronics.X-CUBE-NFC7.2.0.0
2025-09-02 09:49:14,845 [WARN] PackLoader:240 - Cannot read IP mode file for STMicroelectronics.X-CUBE-IPS.3.1.0
2025-09-02 09:49:14,872 [WARN] PackLoader:240 - Cannot read IP mode file for STMicroelectronics.X-CUBE-ALS.1.0.2
2025-09-02 09:49:14,880 [WARN] PackLoader:240 - Cannot read IP mode file for STMicroelectronics.X-CUBE-TOUCHGFX.4.24.2
2025-09-02 09:49:14,890 [WARN] PackLoader:240 - Cannot read IP mode file for wolfSSL.I-CUBE-wolfTPM.3.4.0
2025-09-02 09:49:14,906 [WARN] PackLoader:240 - Cannot read IP mode file for portGmbH.I-Cube-SoM-uGOAL.1.1.0
2025-09-02 09:49:14,968 [WARN] PackLoader:240 - Cannot read IP mode file for STMicroelectronics.X-CUBE-AZRTOS-H7RS.1.0.0
2025-09-02 09:49:15,000 [WARN] PackLoader:240 - Cannot read IP mode file for STMicroelectronics.X-CUBE-TOF1.3.4.2
2025-09-02 09:49:15,036 [WARN] PackLoader:240 - Cannot read IP mode file for STMicroelectronics.X-CUBE-TOF1.3.4.3
2025-09-02 09:49:15,069 [WARN] PackLoader:240 - Cannot read IP mode file for wolfSSL.I-CUBE-wolfSSH.1.4.17
2025-09-02 09:49:15,098 [INFO] ThirdParty:978 - Integrity check success = true
2025-09-02 09:49:15,099 [INFO] IntegrityCheckThread:100 - exiting critical section [integrity check]
2025-09-02 09:49:15,099 [INFO] IntegrityCheckThread:103 - End integrity checks thread
2025-09-02 09:49:16,011 [INFO] WebApp:463 - Apply proxy settings
2025-09-02 09:49:16,049 [INFO] WebApp:508 - Chromium authenticates against Manually configured proxy
2025-09-02 09:49:16,068 [INFO] WebApp:516 - Username used for proxy authentication: 
2025-09-02 09:49:16,136 [INFO] WebApp:900 - Register for checkConnection events
2025-09-02 09:49:16,137 [INFO] WebApp:463 - Apply proxy settings
2025-09-02 09:49:16,148 [INFO] WebApp:508 - Chromium authenticates against Manually configured proxy
2025-09-02 09:49:16,149 [INFO] WebApp:516 - Username used for proxy authentication: 
2025-09-02 09:49:16,446 [INFO] WebApp:225 - Starting web application
2025-09-02 09:49:16,446 [INFO] WebApp:593 - Web application path used /Applications/STM32CubeIDE.app/Contents/Eclipse/plugins/com.st.stm32cube.common.mx_6.15.0.202507011659/db/plugins/mcufinder/reactClient1/index.html
2025-09-02 09:49:17,585 [INFO] WebApp:191 - Connection restablished
2025-09-02 09:49:17,709 [INFO] UserAuth:487 - Internet connection configuration mode: 1
2025-09-02 09:51:29,502 [INFO] Activator:176 - 


2025-09-02 09:51:29,505 [INFO] Activator:177 - !SESSION log4j initialized
2025-09-02 09:51:40,387 [INFO] LogOutputStream:77 - [STDOUT_REDIRECT] 
2025-09-02 09:51:41,678 [ERROR] LogOutputStream:75 - [STDERR_REDIRECT] 
2025-09-02 09:51:44,491 [INFO] LogOutputStream:77 - [STDOUT_REDIRECT] 
2025-09-02 09:51:46,798 [INFO] ApplicationProperties:184 - Using Application install path: /Applications/STM32CubeIDE.app/Contents/Eclipse/plugins/com.st.stm32cube.common.mx_6.15.0.202507011659
2025-09-02 09:51:46,822 [INFO] DbMcusXml:78 - Set database path to: /Applications/STM32CubeIDE.app/Contents/Eclipse/plugins/com.st.stm32cube.common.mx_6.15.0.202507011659//db//mcu/
2025-09-02 09:51:46,822 [INFO] ApiDb:274 - Set plugin database path to: /Applications/STM32CubeIDE.app/Contents/Eclipse/plugins/com.st.stm32cube.common.mx_6.15.0.202507011659//db//plugins/boardmanager/
2025-09-02 09:51:46,824 [WARN] ApiDb:259 - Overriding images path with different value:  => /Applications/STM32CubeIDE.app/Contents/Eclipse/plugins/com.st.stm32cube.common.mx_6.15.0.202507011659//db//plugins/mcufinder/images/
2025-09-02 09:51:46,833 [INFO] ApiDb:250 - Set database path to: /Users/jinmin-u/.stmcufinder/plugins/mcufinder//mcu/
2025-09-02 09:51:46,834 [INFO] DbMcusAds:125 - Set database path to: /Users/jinmin-u/.stmcufinder/plugins/mcufinder//mcu/
2025-09-02 09:51:46,837 [INFO] CrossReferenceDbSqlite:203 - Set database path to: /Users/jinmin-u/.stmcufinder/plugins/mcufinder//mcu/cs/
2025-09-02 09:51:47,062 [INFO] RulesReader:64 - Compatibility file has been processed (317 Rules)
2025-09-02 09:51:47,140 [INFO] DbMcusXml:78 - Set database path to: /Applications/STM32CubeIDE.app/Contents/Eclipse/plugins/com.st.stm32cube.common.mx_6.15.0.202507011659//db//mcu/
2025-09-02 09:51:47,140 [INFO] ApiDb:274 - Set plugin database path to: /Applications/STM32CubeIDE.app/Contents/Eclipse/plugins/com.st.stm32cube.common.mx_6.15.0.202507011659//db//plugins/boardmanager/
2025-09-02 09:51:47,141 [INFO] ApiDb:261 - Set plugin images path to: /Applications/STM32CubeIDE.app/Contents/Eclipse/plugins/com.st.stm32cube.common.mx_6.15.0.202507011659//db//plugins/mcufinder/images/
2025-09-02 09:51:47,143 [WARN] DbFile:41 - Overriding database path with different value: /Users/jinmin-u/.stmcufinder/plugins/mcufinder/ => /Users/jinmin-u/.stmcufinder/plugins/mcufinder
2025-09-02 09:51:47,143 [INFO] ApiDb:250 - Set database path to: /Users/jinmin-u/.stmcufinder/plugins/mcufinder//mcu/
2025-09-02 09:51:47,144 [WARN] DbFile:41 - Overriding database path with different value: /Users/jinmin-u/.stmcufinder/plugins/mcufinder/ => /Users/jinmin-u/.stmcufinder/plugins/mcufinder
2025-09-02 09:51:47,144 [INFO] DbMcusAds:125 - Set database path to: /Users/jinmin-u/.stmcufinder/plugins/mcufinder//mcu/
2025-09-02 09:51:47,144 [WARN] DbFile:41 - Overriding database path with different value: /Users/jinmin-u/.stmcufinder/plugins/mcufinder/ => /Users/jinmin-u/.stmcufinder/plugins/mcufinder
2025-09-02 09:51:47,144 [WARN] DbFile:41 - Overriding database path with different value: /Users/jinmin-u/.stmcufinder/plugins/mcufinder/ => /Users/jinmin-u/.stmcufinder/plugins/mcufinder
2025-09-02 09:51:47,144 [INFO] CrossReferenceDbSqlite:203 - Set database path to: /Users/jinmin-u/.stmcufinder/plugins/mcufinder//mcu/cs/
2025-09-02 09:51:47,245 [INFO] MainPanel:274 - HeapMemory: 268435456
2025-09-02 09:51:47,638 [INFO] DbMcusXml:78 - Set database path to: /Applications/STM32CubeIDE.app/Contents/Eclipse/plugins/com.st.stm32cube.common.mx_6.15.0.202507011659//db//mcu/
2025-09-02 09:51:47,639 [INFO] ApiDb:274 - Set plugin database path to: /Applications/STM32CubeIDE.app/Contents/Eclipse/plugins/com.st.stm32cube.common.mx_6.15.0.202507011659//db//plugins/boardmanager/
2025-09-02 09:51:47,639 [INFO] ApiDb:261 - Set plugin images path to: /Applications/STM32CubeIDE.app/Contents/Eclipse/plugins/com.st.stm32cube.common.mx_6.15.0.202507011659//db//plugins/mcufinder/images/
2025-09-02 09:51:47,639 [WARN] DbFile:41 - Overriding database path with different value: /Users/jinmin-u/.stmcufinder/plugins/mcufinder/ => /Users/jinmin-u/.stmcufinder/plugins/mcufinder
2025-09-02 09:51:47,640 [INFO] ApiDb:250 - Set database path to: /Users/jinmin-u/.stmcufinder/plugins/mcufinder//mcu/
2025-09-02 09:51:47,640 [WARN] DbFile:41 - Overriding database path with different value: /Users/jinmin-u/.stmcufinder/plugins/mcufinder/ => /Users/jinmin-u/.stmcufinder/plugins/mcufinder
2025-09-02 09:51:47,640 [INFO] DbMcusAds:125 - Set database path to: /Users/jinmin-u/.stmcufinder/plugins/mcufinder//mcu/
2025-09-02 09:51:47,640 [WARN] DbFile:41 - Overriding database path with different value: /Users/jinmin-u/.stmcufinder/plugins/mcufinder/ => /Users/jinmin-u/.stmcufinder/plugins/mcufinder
2025-09-02 09:51:47,640 [WARN] DbFile:41 - Overriding database path with different value: /Users/jinmin-u/.stmcufinder/plugins/mcufinder/ => /Users/jinmin-u/.stmcufinder/plugins/mcufinder
2025-09-02 09:51:47,640 [INFO] CrossReferenceDbSqlite:203 - Set database path to: /Users/jinmin-u/.stmcufinder/plugins/mcufinder//mcu/cs/
2025-09-02 09:51:47,667 [INFO] ApplicationProperties:184 - Using Application install path: /Applications/STM32CubeIDE.app/Contents/Eclipse/plugins/com.st.stm32cube.common.mx_6.15.0.202507011659
2025-09-02 09:51:47,669 [INFO] PluginManage:196 - Search for loadable plugins [exclusion list=, ]
2025-09-02 09:51:47,671 [INFO] PluginManage:310 - Check plugin analytics
2025-09-02 09:51:48,020 [INFO] AnalyticsPlugin:253 - Accepted Software Licenses: 
2025-09-02 09:51:48,020 [INFO] AnalyticsPlugin:255 - Accepted CMSIS Pack Licenses: 
2025-09-02 09:51:48,020 [INFO] AnalyticsPlugin:257 - Accepted Firmware Licenses: 
2025-09-02 09:51:48,026 [INFO] PluginManage:359 - Loaded plugin analytics (category:tool,tabindex:-1)
2025-09-02 09:51:48,029 [INFO] PluginManage:310 - Check plugin cadmodel
2025-09-02 09:51:48,048 [INFO] CADModel:105 - Init CAD model plugin
2025-09-02 09:51:48,048 [INFO] PluginManage:359 - Loaded plugin cadmodel (category:power,tabindex:5)
2025-09-02 09:51:48,049 [INFO] PluginManage:310 - Check plugin clock
2025-09-02 09:51:48,066 [INFO] PluginManage:359 - Loaded plugin clock (category:base,tabindex:2)
2025-09-02 09:51:48,066 [INFO] PluginManage:310 - Check plugin ddr
2025-09-02 09:51:48,069 [INFO] PluginManage:359 - Loaded plugin ddr (category:tool,tabindex:6)
2025-09-02 09:51:48,069 [INFO] PluginManage:310 - Check plugin filemanager
2025-09-02 09:51:48,315 [INFO] PluginManage:359 - Loaded plugin filemanager (category:base,tabindex:10)
2025-09-02 09:51:48,315 [INFO] PluginManage:310 - Check plugin ipmanager
2025-09-02 09:51:48,325 [INFO] PluginManage:359 - Loaded plugin ipmanager (category:base,tabindex:5)
2025-09-02 09:51:48,326 [INFO] PluginManage:310 - Check plugin lpbam
2025-09-02 09:51:48,338 [INFO] PluginManage:359 - Loaded plugin lpbam (category:base,tabindex:0)
2025-09-02 09:51:48,338 [INFO] PluginManage:310 - Check plugin memorymap
2025-09-02 09:51:48,354 [INFO] PluginManage:359 - Loaded plugin memorymap (category:base,tabindex:4)
2025-09-02 09:51:48,354 [INFO] PluginManage:310 - Check plugin pinoutandconfiguration
2025-09-02 09:51:48,370 [INFO] PluginManage:359 - Loaded plugin pinoutandconfiguration (category:base,tabindex:1)
2025-09-02 09:51:48,370 [INFO] PluginManage:310 - Check plugin pinoutconfig
2025-09-02 09:51:48,518 [WARN] SupportedApi:132 - Cannot load RTOS API schema: s4s-elt-must-match.1: The content of 'definitions' must match (annotation?, (simpleType | complexType)?, (unique | key | keyref)*)). A problem was found starting at: attribute.
2025-09-02 09:51:48,754 [INFO] PluginManage:359 - Loaded plugin pinoutconfig (category:base,tabindex:0)
2025-09-02 09:51:48,755 [INFO] PluginManage:310 - Check plugin power
2025-09-02 09:51:48,774 [INFO] PluginManage:359 - Loaded plugin power (category:power,tabindex:4)
2025-09-02 09:51:48,774 [INFO] PluginManage:310 - Check plugin projectmanager
2025-09-02 09:51:48,815 [INFO] PluginManage:359 - Loaded plugin projectmanager (category:projectmanager,tabindex:4)
2025-09-02 09:51:48,815 [INFO] PluginManage:310 - Check plugin rif
2025-09-02 09:51:48,825 [INFO] PluginManage:359 - Loaded plugin rif (category:base,tabindex:3)
2025-09-02 09:51:48,826 [INFO] PluginManage:310 - Check plugin thirdparty
2025-09-02 09:51:49,093 [INFO] PluginManage:359 - Loaded plugin thirdparty (category:base,tabindex:-1)
2025-09-02 09:51:49,093 [INFO] PluginManage:310 - Check plugin tools
2025-09-02 09:51:49,093 [WARN] IntegrityCheckThread:84 - waiting for thirdparty lock release [integrity check]
2025-09-02 09:51:49,093 [INFO] IntegrityCheckThread:86 - entering critical section [integrity check]
2025-09-02 09:51:49,094 [INFO] ThirdPartyUpdaterWithRetryManager:70 - Updater plugin not ready yet. [1/15]
2025-09-02 09:51:49,097 [INFO] PluginManage:359 - Loaded plugin tools (category:base,tabindex:7)
2025-09-02 09:51:49,097 [INFO] PluginManage:310 - Check plugin tutovideos
2025-09-02 09:51:49,389 [INFO] PluginManage:359 - Loaded plugin tutovideos (category:base,tabindex:-1)
2025-09-02 09:51:49,390 [INFO] PluginManage:310 - Check plugin updater
2025-09-02 09:51:49,435 [INFO] PluginManage:359 - Loaded plugin updater (category:base,tabindex:12)
2025-09-02 09:51:49,435 [INFO] PluginManage:310 - Check plugin userauth
2025-09-02 09:51:49,444 [INFO] UserAuth:118 - Init User Auth plugin
2025-09-02 09:51:49,446 [INFO] PluginManage:359 - Loaded plugin userauth (category:base,tabindex:14)
2025-09-02 09:51:49,446 [INFO] PluginManage:283 - PluginManage : Loaded plugins [18]
2025-09-02 09:51:49,843 [INFO] PinOutPanel:1589 - setPackage(No Configuration,No Configuration)
2025-09-02 09:51:49,960 [INFO] CADModel:165 - CPN selected for project level
2025-09-02 09:51:49,961 [INFO] CADModel:114 - Register for checkConnection events
2025-09-02 09:51:49,978 [INFO] IPUIPlugin:80 - create IPUIPlugin
2025-09-02 09:51:49,978 [INFO] PluginManager:220 - loadIPPluginJar : add mdma
2025-09-02 09:51:49,987 [INFO] IPUIPlugin:80 - create IPUIPlugin
2025-09-02 09:51:49,988 [INFO] PluginManager:220 - loadIPPluginJar : add freertos
2025-09-02 09:51:49,993 [INFO] IPUIPlugin:80 - create IPUIPlugin
2025-09-02 09:51:49,993 [INFO] PluginManager:220 - loadIPPluginJar : add gic
2025-09-02 09:51:50,006 [INFO] IPUIPlugin:80 - create IPUIPlugin
2025-09-02 09:51:50,006 [INFO] PluginManager:220 - loadIPPluginJar : add adc
2025-09-02 09:51:50,009 [INFO] IPUIPlugin:80 - create IPUIPlugin
2025-09-02 09:51:50,009 [INFO] PluginManager:220 - loadIPPluginJar : add gtzc
2025-09-02 09:51:50,010 [INFO] IPUIPlugin:80 - create IPUIPlugin
2025-09-02 09:51:50,010 [INFO] PluginManager:220 - loadIPPluginJar : add quadspi
2025-09-02 09:51:50,012 [INFO] IPUIPlugin:80 - create IPUIPlugin
2025-09-02 09:51:50,012 [INFO] PluginManager:220 - loadIPPluginJar : add aes
2025-09-02 09:51:50,014 [INFO] IPUIPlugin:80 - create IPUIPlugin
2025-09-02 09:51:50,014 [INFO] PluginManager:220 - loadIPPluginJar : add pdm2pcm
2025-09-02 09:51:50,016 [INFO] IPUIPlugin:80 - create IPUIPlugin
2025-09-02 09:51:50,016 [INFO] PluginManager:220 - loadIPPluginJar : add hash
2025-09-02 09:51:50,017 [INFO] IPUIPlugin:80 - create IPUIPlugin
2025-09-02 09:51:50,017 [INFO] PluginManager:220 - loadIPPluginJar : add tim
2025-09-02 09:51:50,018 [INFO] IPUIPlugin:80 - create IPUIPlugin
2025-09-02 09:51:50,019 [INFO] PluginManager:220 - loadIPPluginJar : add tsc
2025-09-02 09:51:50,022 [INFO] IPUIPlugin:80 - create IPUIPlugin
2025-09-02 09:51:50,023 [INFO] PluginManager:220 - loadIPPluginJar : add extmemmanager
2025-09-02 09:51:50,025 [INFO] IPUIPlugin:80 - create IPUIPlugin
2025-09-02 09:51:50,025 [INFO] PluginManager:220 - loadIPPluginJar : add ts
2025-09-02 09:51:50,026 [INFO] IPUIPlugin:80 - create IPUIPlugin
2025-09-02 09:51:50,027 [INFO] PluginManager:220 - loadIPPluginJar : add radio
2025-09-02 09:51:50,028 [INFO] IPUIPlugin:80 - create IPUIPlugin
2025-09-02 09:51:50,029 [INFO] PluginManager:220 - loadIPPluginJar : add can
2025-09-02 09:51:50,030 [INFO] IPUIPlugin:80 - create IPUIPlugin
2025-09-02 09:51:50,031 [INFO] PluginManager:220 - loadIPPluginJar : add dma3
2025-09-02 09:51:50,034 [INFO] IPUIPlugin:80 - create IPUIPlugin
2025-09-02 09:51:50,034 [INFO] PluginManager:220 - loadIPPluginJar : add dfsdm
2025-09-02 09:51:50,036 [INFO] IPUIPlugin:80 - create IPUIPlugin
2025-09-02 09:51:50,036 [INFO] PluginManager:220 - loadIPPluginJar : add spi
2025-09-02 09:51:50,038 [INFO] IPUIPlugin:80 - create IPUIPlugin
2025-09-02 09:51:50,039 [INFO] PluginManager:220 - loadIPPluginJar : add gfxmmu
2025-09-02 09:51:50,042 [INFO] IPUIPlugin:80 - create IPUIPlugin
2025-09-02 09:51:50,042 [INFO] PluginManager:220 - loadIPPluginJar : add genericplugin
2025-09-02 09:51:50,044 [INFO] IPUIPlugin:80 - create IPUIPlugin
2025-09-02 09:51:50,044 [INFO] PluginManager:220 - loadIPPluginJar : add cryp
2025-09-02 09:51:50,048 [INFO] IPUIPlugin:80 - create IPUIPlugin
2025-09-02 09:51:50,049 [INFO] PluginManager:220 - loadIPPluginJar : add gpio
2025-09-02 09:51:50,052 [INFO] IPUIPlugin:80 - create IPUIPlugin
2025-09-02 09:51:50,052 [INFO] PluginManager:220 - loadIPPluginJar : add ddr_ctrl_phy
2025-09-02 09:51:50,054 [INFO] IPUIPlugin:80 - create IPUIPlugin
2025-09-02 09:51:50,054 [INFO] PluginManager:220 - loadIPPluginJar : add comp
2025-09-02 09:51:50,058 [INFO] IPUIPlugin:80 - create IPUIPlugin
2025-09-02 09:51:50,060 [INFO] PluginManager:220 - loadIPPluginJar : add tracer_emb
2025-09-02 09:51:50,062 [INFO] IPUIPlugin:80 - create IPUIPlugin
2025-09-02 09:51:50,062 [INFO] PluginManager:220 - loadIPPluginJar : add openamp
2025-09-02 09:51:50,068 [INFO] IPUIPlugin:80 - create IPUIPlugin
2025-09-02 09:51:50,068 [INFO] PluginManager:220 - loadIPPluginJar : add stm32_wpan
2025-09-02 09:51:50,073 [INFO] IPUIPlugin:80 - create IPUIPlugin
2025-09-02 09:51:50,076 [INFO] PluginManager:220 - loadIPPluginJar : add plateformsettings
2025-09-02 09:51:50,080 [INFO] IPUIPlugin:80 - create IPUIPlugin
2025-09-02 09:51:50,080 [INFO] PluginManager:220 - loadIPPluginJar : add ipddr
2025-09-02 09:51:50,082 [INFO] IPUIPlugin:80 - create IPUIPlugin
2025-09-02 09:51:50,082 [INFO] PluginManager:220 - loadIPPluginJar : add usart
2025-09-02 09:51:50,083 [INFO] IPUIPlugin:80 - create IPUIPlugin
2025-09-02 09:51:50,083 [INFO] PluginManager:220 - loadIPPluginJar : add ltdc
2025-09-02 09:51:50,086 [INFO] IPUIPlugin:80 - create IPUIPlugin
2025-09-02 09:51:50,086 [INFO] PluginManager:220 - loadIPPluginJar : add nvic
2025-09-02 09:51:50,088 [INFO] IPUIPlugin:80 - create IPUIPlugin
2025-09-02 09:51:50,088 [INFO] PluginManager:220 - loadIPPluginJar : add fatfs
2025-09-02 09:51:50,095 [INFO] IPUIPlugin:80 - create IPUIPlugin
2025-09-02 09:51:50,095 [INFO] PluginManager:220 - loadIPPluginJar : add linkedlist
2025-09-02 09:51:50,101 [INFO] IPUIPlugin:80 - create IPUIPlugin
2025-09-02 09:51:50,101 [INFO] PluginManager:220 - loadIPPluginJar : add dma
2025-09-02 09:51:50,105 [INFO] IPUIPlugin:80 - create IPUIPlugin
2025-09-02 09:51:50,105 [INFO] PluginManager:220 - loadIPPluginJar : add fmc
2025-09-02 09:51:50,107 [INFO] IPUIPlugin:80 - create IPUIPlugin
2025-09-02 09:51:50,107 [INFO] PluginManager:220 - loadIPPluginJar : add i2s
2025-09-02 09:51:50,109 [INFO] IPUIPlugin:80 - create IPUIPlugin
2025-09-02 09:51:50,109 [INFO] PluginManager:220 - loadIPPluginJar : add ucpd
2025-09-02 09:51:50,111 [INFO] IPUIPlugin:80 - create IPUIPlugin
2025-09-02 09:51:50,111 [INFO] PluginManager:220 - loadIPPluginJar : add lorawan
2025-09-02 09:51:50,114 [INFO] IPUIPlugin:80 - create IPUIPlugin
2025-09-02 09:51:50,114 [INFO] PluginManager:220 - loadIPPluginJar : add opamp
2025-09-02 09:51:50,116 [INFO] IPUIPlugin:80 - create IPUIPlugin
2025-09-02 09:51:50,116 [INFO] PluginManager:220 - loadIPPluginJar : add i3c
2025-09-02 09:51:50,119 [INFO] IPUIPlugin:80 - create IPUIPlugin
2025-09-02 09:51:50,120 [INFO] PluginManager:220 - loadIPPluginJar : add touchsensing
2025-09-02 09:51:50,123 [INFO] IPUIPlugin:80 - create IPUIPlugin
2025-09-02 09:51:50,123 [INFO] PluginManager:220 - loadIPPluginJar : add i2c
2025-09-02 09:51:50,126 [INFO] IPUIPlugin:80 - create IPUIPlugin
2025-09-02 09:51:50,126 [INFO] PluginManager:220 - loadIPPluginJar : add resmgrutility
2025-09-02 09:51:50,129 [INFO] IPUIPlugin:80 - create IPUIPlugin
2025-09-02 09:51:50,129 [INFO] PluginManager:220 - loadIPPluginJar : add sai
2025-09-02 09:51:50,132 [INFO] IPUIPlugin:80 - create IPUIPlugin
2025-09-02 09:51:50,132 [INFO] PluginManager:220 - loadIPPluginJar : add usbx
2025-09-02 09:51:50,262 [FATAL] Updater:351 - Updater called before beeing initialized
2025-09-02 09:51:50,337 [INFO] RulesReader:64 - Compatibility file has been processed (317 Rules)
2025-09-02 09:51:50,355 [INFO] RulesReader:64 - Compatibility file has been processed (317 Rules)
2025-09-02 09:51:50,379 [INFO] CADModel:165 - CPN selected for project level
2025-09-02 09:51:50,379 [INFO] CADModel:114 - Register for checkConnection events
2025-09-02 09:51:50,380 [FATAL] Updater:351 - Updater called before beeing initialized
2025-09-02 09:51:50,380 [ERROR] CADModel:125 - Updater not yet initialized, retry later 
2025-09-02 09:51:51,054 [FATAL] Updater:351 - Updater called before beeing initialized
2025-09-02 09:51:51,070 [INFO] CADModel:165 - CPN selected for project level
2025-09-02 09:51:51,072 [INFO] CADModel:114 - Register for checkConnection events
2025-09-02 09:51:51,073 [FATAL] Updater:351 - Updater called before beeing initialized
2025-09-02 09:51:51,073 [ERROR] CADModel:125 - Updater not yet initialized, retry later 
2025-09-02 09:51:51,081 [FATAL] Updater:351 - Updater called before beeing initialized
2025-09-02 09:51:51,655 [FATAL] Updater:351 - Updater called before beeing initialized
2025-09-02 09:51:51,695 [INFO] DbMcusAds:53 - JSON generation date=Tue Jul 08 17:14:23 KST 2025 (1751962463538)
2025-09-02 09:51:51,698 [FATAL] Updater:351 - Updater called before beeing initialized
2025-09-02 09:51:51,826 [WARN] DetailPanel:346 - Failed to get advertising image, set to default
2025-09-02 09:51:51,968 [FATAL] Updater:351 - Updater called before beeing initialized
2025-09-02 09:51:51,975 [FATAL] Updater:351 - Updater called before beeing initialized
2025-09-02 09:51:51,976 [FATAL] Updater:351 - Updater called before beeing initialized
2025-09-02 09:51:51,976 [WARN] DetailPanel:346 - Failed to get advertising image, set to default
2025-09-02 09:51:51,981 [FATAL] Updater:351 - Updater called before beeing initialized
2025-09-02 09:51:52,101 [INFO] ThirdPartyUpdaterWithRetryManager:70 - Updater plugin not ready yet. [2/15]
2025-09-02 09:51:52,112 [ERROR] Updater:1198 - MainUpdater not yet initialized. External WinMGr cannot be set.
2025-09-02 09:51:52,124 [INFO] Updater:1134 - Updater Version found : 6.15.0
2025-09-02 09:51:52,150 [INFO] ApplicationProperties:184 - Using Application install path: /Applications/STM32CubeIDE.app/Contents/Eclipse/plugins/com.st.stm32cube.common.mx_6.15.0.202507011659
2025-09-02 09:51:52,934 [INFO] MainUpdater:2872 - connection check result : 10
2025-09-02 09:51:52,935 [INFO] MainUpdater:289 - Updater Check For Update Now.
2025-09-02 09:51:52,936 [INFO] MicroXplorer:498 - Change Database Version : DB.6.0.150
2025-09-02 09:51:52,962 [INFO] McuFinderGlobals:63 - Set McuFinder mode to 2 (CubeIDE integrated)
2025-09-02 09:51:52,964 [INFO] UserAuth:487 - Internet connection configuration mode: 1
2025-09-02 09:51:52,989 [INFO] JxBrowserEngine:152 - Initiate JxBrowser Engine with user profile folder
2025-09-02 09:51:53,314 [INFO] CheckServerUpdateThread:120 - End of CheckServer Thread
2025-09-02 09:51:55,417 [WARN] PackLoader:240 - Cannot read IP mode file for STMicroelectronics.FP-SNS-MOTENVWB1.1.4.0
2025-09-02 09:51:55,453 [WARN] PackLoader:240 - Cannot read IP mode file for STMicroelectronics.FP-ATR-ASTRA1.2.0.1
2025-09-02 09:51:55,476 [WARN] PackLoader:240 - Cannot read IP mode file for STMicroelectronics.X-CUBE-SMBUS.2.1.0
2025-09-02 09:51:55,495 [WARN] PackLoader:240 - Cannot read IP mode file for STMicroelectronics.X-CUBE-WB05N.1.1.0
2025-09-02 09:51:55,513 [WARN] PackLoader:240 - Cannot read IP mode file for STMicroelectronics.X-CUBE-ST60.1.0.0
2025-09-02 09:51:55,566 [WARN] PackLoader:240 - Cannot read IP mode file for STMicroelectronics.X-CUBE-AZRTOS-F7.1.1.0
2025-09-02 09:51:55,613 [WARN] PackLoader:240 - Cannot read IP mode file for STMicroelectronics.FP-SNS-FLIGHT1.5.0.2
2025-09-02 09:51:55,718 [WARN] PackLoader:240 - Cannot read IP mode file for Infineon.AIROC-Wi-Fi-Bluetooth-STM32.1.7.0
2025-09-02 09:51:55,871 [WARN] PackLoader:240 - Cannot read IP mode file for STMicroelectronics.X-CUBE-AZRTOS-H7.3.4.0
2025-09-02 09:51:56,008 [WARN] PackLoader:240 - Cannot read IP mode file for STMicroelectronics.X-CUBE-DISPLAY.3.0.0
2025-09-02 09:51:56,082 [WARN] PackLoader:240 - Cannot read IP mode file for STMicroelectronics.X-CUBE-BLE1.7.0.0
2025-09-02 09:51:56,128 [WARN] PackLoader:240 - Cannot read IP mode file for STMicroelectronics.X-CUBE-NFC10.1.0.0
2025-09-02 09:51:56,174 [WARN] PackLoader:240 - Cannot read IP mode file for STMicroelectronics.X-CUBE-BLEMGR.4.0.0
2025-09-02 09:51:56,268 [WARN] PackLoader:240 - Cannot read IP mode file for emotas.I-CUBE-CANOPEN.1.3.0
2025-09-02 09:51:56,279 [WARN] PackLoader:240 - Cannot read IP mode file for STMicroelectronics.X-CUBE-AI.10.0.0
2025-09-02 09:51:56,334 [WARN] PackLoader:240 - Cannot read IP mode file for STMicroelectronics.FP-SNS-STBOX1.2.1.0
2025-09-02 09:51:56,367 [WARN] PackLoader:240 - Cannot read IP mode file for STMicroelectronics.FP-SNS-SMARTAG2.1.2.0
2025-09-02 09:51:56,558 [WARN] PackLoader:240 - Cannot read IP mode file for STMicroelectronics.X-CUBE-MEMS1.11.1.0
2025-09-02 09:51:56,789 [INFO] LogOutputStream:77 - [STDOUT_REDIRECT] 1 : Invalid condition id : UX_CORESTACK_Condition cause : null
2025-09-02 09:51:56,792 [INFO] LogOutputStream:77 - [STDOUT_REDIRECT] 1 : Invalid condition id : UX_CORESTACK_Condition cause : null
2025-09-02 09:51:56,792 [INFO] LogOutputStream:77 - [STDOUT_REDIRECT] 1 : Invalid condition id : UX_CORESTACK_Condition cause : null
2025-09-02 09:51:56,792 [INFO] LogOutputStream:77 - [STDOUT_REDIRECT] 1 : Invalid condition id : UX_CORESTACK_Condition cause : null
2025-09-02 09:51:56,793 [INFO] LogOutputStream:77 - [STDOUT_REDIRECT] 1 : Invalid condition id : UX_CORESTACK_Condition cause : null
2025-09-02 09:51:56,801 [WARN] PackLoader:240 - Cannot read IP mode file for STMicroelectronics.X-CUBE-AZRTOS-WL.2.0.0
2025-09-02 09:51:56,816 [WARN] PackLoader:240 - Cannot read IP mode file for STMicroelectronics.FP-SNS-MOTENV1.5.0.0
2025-09-02 09:51:56,822 [WARN] PackLoader:240 - Cannot read IP mode file for wolfSSL.I-CUBE-wolfMQTT.1.19.0
2025-09-02 09:51:56,836 [WARN] PackLoader:240 - Cannot read IP mode file for WES.I-CUBE-Cesium.1.3.0
2025-09-02 09:51:56,898 [WARN] PackLoader:240 - Cannot read IP mode file for STMicroelectronics.X-CUBE-BLE2.3.3.0
2025-09-02 09:51:56,917 [WARN] PackLoader:240 - Cannot read IP mode file for STMicroelectronics.X-CUBE-NFC9.1.0.0
2025-09-02 09:51:56,937 [WARN] PackLoader:240 - Cannot read IP mode file for STMicroelectronics.X-CUBE-EEPRMA1.5.2.0
2025-09-02 09:51:56,949 [WARN] PackLoader:240 - Cannot read IP mode file for STMicroelectronics.X-CUBE-AI.10.1.0
2025-09-02 09:51:56,980 [WARN] PackLoader:240 - Cannot read IP mode file for STMicroelectronics.X-CUBE-AZRTOS-G0.1.1.0
2025-09-02 09:51:56,993 [WARN] PackLoader:240 - Cannot read IP mode file for STMicroelectronics.X-CUBE-SAFEA1.1.2.2
2025-09-02 09:51:57,004 [WARN] PackLoader:240 - Cannot read IP mode file for STMicroelectronics.X-CUBE-NFC4.3.0.0
2025-09-02 09:51:57,049 [WARN] PackLoader:240 - Cannot read IP mode file for EmbeddedOffice.I-CUBE-FS-RTOS.1.0.1
2025-09-02 09:51:57,090 [WARN] PackLoader:240 - Cannot read IP mode file for STMicroelectronics.X-CUBE-WB05N.2.0.0
2025-09-02 09:51:57,152 [WARN] PackLoader:240 - Cannot read IP mode file for STMicroelectronics.X-CUBE-TCPP.4.2.0
2025-09-02 09:51:57,179 [WARN] PackLoader:240 - Cannot read IP mode file for RealThread.X-CUBE-RT-Thread_Nano.4.1.1
2025-09-02 09:51:57,212 [WARN] PackLoader:240 - Cannot read IP mode file for STMicroelectronics.FP-ATR-SIGFOX1.3.2.0
2025-09-02 09:51:57,226 [WARN] ConditionMgr:438 - getConditionDescription Invalid condition id : Cortex-A Device cause : null
2025-09-02 09:51:57,336 [WARN] ConditionMgr:1044 - genDependencies : Invalid condition id : Cortex-A Device cause : null
2025-09-02 09:51:57,339 [WARN] ConditionMgr:1044 - genDependencies : Invalid condition id : Cortex-A Device cause : null
2025-09-02 09:51:57,339 [WARN] ConditionMgr:1044 - genDependencies : Invalid condition id : Cortex-A Device cause : null
2025-09-02 09:51:57,365 [WARN] PackLoader:240 - Cannot read IP mode file for STMicroelectronics.X-CUBE-EEPRMA1.5.1.0
2025-09-02 09:51:57,386 [WARN] PackLoader:240 - Cannot read IP mode file for wolfSSL.I-CUBE-wolfSSL.5.7.6
2025-09-02 09:51:57,455 [WARN] PackLoader:240 - Cannot read IP mode file for ITTIA_DB.I-CUBE-ITTIADB.8.9.0
2025-09-02 09:51:57,493 [WARN] PackLoader:240 - Cannot read IP mode file for STMicroelectronics.X-CUBE-ST67W61.1.0.0
2025-09-02 09:51:57,549 [WARN] PackLoader:240 - Cannot read IP mode file for STMicroelectronics.X-CUBE-AI.10.2.0
2025-09-02 09:51:58,110 [WARN] PackLoader:240 - Cannot read IP mode file for SEGGER.I-CUBE-embOS.1.3.1
2025-09-02 09:51:58,433 [INFO] WebApp:169 - Instantiating new browser for Auth
2025-09-02 09:51:58,598 [WARN] PackLoader:240 - Cannot read IP mode file for STMicroelectronics.X-CUBE-ALGOBUILD.1.4.0
2025-09-02 09:51:58,767 [WARN] PackLoader:240 - Cannot read IP mode file for STMicroelectronics.X-CUBE-MEMS1.11.3.0
2025-09-02 09:51:58,969 [WARN] PackLoader:240 - Cannot read IP mode file for STMicroelectronics.X-CUBE-PM33A1.1.0.0
2025-09-02 09:51:59,038 [WARN] PackLoader:240 - Cannot read IP mode file for STMicroelectronics.X-CUBE-AZRTOS-F4.1.1.0
2025-09-02 09:51:59,057 [WARN] PackLoader:240 - Cannot read IP mode file for Avnet-IotConnect.X-CUBE-IoTC-DA16k-PMOD.1.0.0
2025-09-02 09:51:59,065 [WARN] PackLoader:240 - Cannot read IP mode file for STMicroelectronics.X-CUBE-ISPU.2.1.0
2025-09-02 09:51:59,079 [WARN] PackLoader:240 - Cannot read IP mode file for STMicroelectronics.X-CUBE-NFC12.1.0.0
2025-09-02 09:51:59,138 [WARN] PackLoader:240 - Cannot read IP mode file for STMicroelectronics.X-CUBE-AZRTOS-L5.2.0.0
2025-09-02 09:51:59,190 [WARN] PackLoader:240 - Cannot read IP mode file for STMicroelectronics.X-CUBE-NFC6.3.1.0
2025-09-02 09:51:59,211 [WARN] PackLoader:240 - Cannot read IP mode file for STMicroelectronics.X-CUBE-DPower.1.2.0
2025-09-02 09:51:59,221 [WARN] PackLoader:240 - Cannot read IP mode file for STMicroelectronics.X-CUBE-FREERTOS.1.3.1
2025-09-02 09:51:59,235 [WARN] PackLoader:240 - Cannot read IP mode file for STMicroelectronics.X-CUBE-FREERTOS.1.3.0
2025-09-02 09:51:59,252 [WARN] PackLoader:240 - Cannot read IP mode file for STMicroelectronics.X-CUBE-NFC7.1.0.1
2025-09-02 09:51:59,293 [WARN] ConditionMgr:438 - getConditionDescription Invalid condition id : LAN8742 Phy interface Condition cause : null
2025-09-02 09:51:59,297 [WARN] PackLoader:240 - Cannot read IP mode file for STMicroelectronics.X-CUBE-AZRTOS-L4.2.0.0
2025-09-02 09:51:59,303 [WARN] ConditionMgr:1044 - genDependencies : Invalid condition id : LAN8742 Phy interface Condition cause : null
2025-09-02 09:51:59,304 [WARN] ConditionMgr:1044 - genDependencies : Invalid condition id : LAN8742 Phy interface Condition cause : null
2025-09-02 09:51:59,306 [WARN] ConditionMgr:1044 - genDependencies : Invalid condition id : LAN8742 Phy interface Condition cause : null
2025-09-02 09:51:59,339 [WARN] PackLoader:240 - Cannot read IP mode file for STMicroelectronics.X-CUBE-SFXS2LP1.4.0.0
2025-09-02 09:51:59,391 [WARN] PackLoader:240 - Cannot read IP mode file for STMicroelectronics.X-CUBE-AZRTOS-H7.3.3.0
2025-09-02 09:51:59,430 [WARN] PackLoader:240 - Cannot read IP mode file for STMicroelectronics.X-CUBE-BLEMGR.4.1.0
2025-09-02 09:51:59,460 [WARN] ConditionMgr:438 - getConditionDescription Invalid condition id : UX DEVICE CLASS RTOS Condition cause : null
2025-09-02 09:51:59,461 [WARN] ConditionMgr:438 - getConditionDescription Invalid condition id : UX DEVICE CLASS RTOS Condition cause : null
2025-09-02 09:51:59,469 [WARN] PackLoader:240 - Cannot read IP mode file for STMicroelectronics.X-CUBE-AZRTOS-WB.2.0.0
2025-09-02 09:51:59,471 [WARN] ConditionMgr:1044 - genDependencies : Invalid condition id : UX DEVICE CLASS RTOS Condition cause : null
2025-09-02 09:51:59,471 [WARN] ConditionMgr:1044 - genDependencies : Invalid condition id : UX DEVICE CLASS RTOS Condition cause : null
2025-09-02 09:51:59,473 [WARN] ConditionMgr:1044 - genDependencies : Invalid condition id : UX DEVICE CLASS RTOS Condition cause : null
2025-09-02 09:51:59,474 [WARN] ConditionMgr:1044 - genDependencies : Invalid condition id : UX DEVICE CLASS RTOS Condition cause : null
2025-09-02 09:51:59,474 [WARN] ConditionMgr:1044 - genDependencies : Invalid condition id : UX DEVICE CLASS RTOS Condition cause : null
2025-09-02 09:51:59,486 [WARN] PackLoader:240 - Cannot read IP mode file for STMicroelectronics.X-CUBE-GNSS1.7.0.1
2025-09-02 09:51:59,511 [WARN] PackLoader:240 - Cannot read IP mode file for STMicroelectronics.X-CUBE-TOUCHGFX.4.25.0
2025-09-02 09:51:59,526 [WARN] PackLoader:240 - Cannot read IP mode file for STMicroelectronics.FP-SNS-STBOX1.2.0.0
2025-09-02 09:51:59,552 [WARN] PackLoader:240 - Cannot read IP mode file for STMicroelectronics.X-CUBE-SUBG2.5.0.0
2025-09-02 09:51:59,613 [WARN] PackLoader:240 - Cannot read IP mode file for STMicroelectronics.X-CUBE-AZRTOS-H7RS.1.1.0
2025-09-02 09:52:00,375 [WARN] PackLoader:240 - Cannot read IP mode file for Cesanta.I-CUBE-Mongoose.7.13.0
2025-09-02 09:52:00,545 [WARN] PackLoader:240 - Cannot read IP mode file for STMicroelectronics.X-CUBE-AZRTOS-G4.2.0.0
2025-09-02 09:52:00,588 [WARN] PackLoader:240 - Cannot read IP mode file for STMicroelectronics.X-CUBE-NFC7.2.0.0
2025-09-02 09:52:00,614 [WARN] PackLoader:240 - Cannot read IP mode file for STMicroelectronics.X-CUBE-IPS.3.1.0
2025-09-02 09:52:00,628 [WARN] PackLoader:240 - Cannot read IP mode file for STMicroelectronics.X-CUBE-ALS.1.0.2
2025-09-02 09:52:00,641 [WARN] PackLoader:240 - Cannot read IP mode file for STMicroelectronics.X-CUBE-TOUCHGFX.4.24.2
2025-09-02 09:52:00,652 [WARN] PackLoader:240 - Cannot read IP mode file for wolfSSL.I-CUBE-wolfTPM.3.4.0
2025-09-02 09:52:00,668 [WARN] PackLoader:240 - Cannot read IP mode file for portGmbH.I-Cube-SoM-uGOAL.1.1.0
2025-09-02 09:52:00,712 [WARN] PackLoader:240 - Cannot read IP mode file for STMicroelectronics.X-CUBE-AZRTOS-H7RS.1.0.0
2025-09-02 09:52:00,741 [WARN] PackLoader:240 - Cannot read IP mode file for STMicroelectronics.X-CUBE-TOF1.3.4.2
2025-09-02 09:52:00,779 [WARN] PackLoader:240 - Cannot read IP mode file for STMicroelectronics.X-CUBE-TOF1.3.4.3
2025-09-02 09:52:00,830 [WARN] PackLoader:240 - Cannot read IP mode file for wolfSSL.I-CUBE-wolfSSH.1.4.17
2025-09-02 09:52:00,854 [INFO] ThirdParty:978 - Integrity check success = true
2025-09-02 09:52:00,857 [INFO] IntegrityCheckThread:100 - exiting critical section [integrity check]
2025-09-02 09:52:00,866 [INFO] IntegrityCheckThread:103 - End integrity checks thread
2025-09-02 09:52:01,393 [INFO] WebApp:463 - Apply proxy settings
2025-09-02 09:52:01,431 [INFO] WebApp:508 - Chromium authenticates against Manually configured proxy
2025-09-02 09:52:01,453 [INFO] WebApp:516 - Username used for proxy authentication: 
2025-09-02 09:52:01,523 [INFO] WebApp:900 - Register for checkConnection events
2025-09-02 09:52:01,524 [INFO] WebApp:463 - Apply proxy settings
2025-09-02 09:52:01,535 [INFO] WebApp:508 - Chromium authenticates against Manually configured proxy
2025-09-02 09:52:01,536 [INFO] WebApp:516 - Username used for proxy authentication: 
2025-09-02 09:52:01,819 [INFO] WebApp:225 - Starting web application
2025-09-02 09:52:01,820 [INFO] WebApp:593 - Web application path used /Applications/STM32CubeIDE.app/Contents/Eclipse/plugins/com.st.stm32cube.common.mx_6.15.0.202507011659/db/plugins/mcufinder/reactClient1/index.html
2025-09-02 09:52:02,844 [INFO] UserAuth:487 - Internet connection configuration mode: 1
2025-09-02 09:52:03,016 [INFO] WebApp:191 - Connection restablished
2025-09-02 13:51:28,037 [INFO] WebApp:194 - Connection lost
2025-09-02 13:51:31,902 [INFO] WebApp:191 - Connection restablished
2025-09-02 13:51:51,477 [INFO] WebApp:194 - Connection lost
2025-09-02 13:51:56,946 [INFO] WebApp:191 - Connection restablished
2025-09-02 13:52:09,672 [INFO] WebApp:194 - Connection lost
2025-09-02 13:52:19,896 [INFO] WebApp:191 - Connection restablished
2025-09-02 13:52:46,708 [INFO] WebApp:194 - Connection lost
2025-09-02 13:52:54,960 [INFO] WebApp:191 - Connection restablished
2025-09-02 13:53:53,705 [INFO] WebApp:194 - Connection lost
2025-09-02 13:54:00,623 [INFO] WebApp:191 - Connection restablished
2025-09-02 13:54:13,722 [INFO] WebApp:194 - Connection lost
2025-09-02 13:54:51,461 [INFO] WebApp:191 - Connection restablished
2025-09-02 13:55:51,223 [INFO] WebApp:194 - Connection lost
2025-09-02 13:55:59,097 [INFO] WebApp:191 - Connection restablished
2025-09-02 13:56:52,570 [INFO] WebApp:194 - Connection lost
2025-09-02 13:57:59,986 [INFO] WebApp:191 - Connection restablished
2025-09-02 13:58:30,049 [INFO] WebApp:194 - Connection lost
2025-09-02 13:58:37,989 [INFO] WebApp:191 - Connection restablished
2025-09-02 13:59:28,855 [INFO] WebApp:194 - Connection lost
2025-09-02 13:59:35,046 [INFO] WebApp:191 - Connection restablished
